<?xml version="1.0" encoding="UTF-8"?>
<testsuite name="com.example.demo.DemoApplicationTests" time="0.015" tests="1" errors="1" skipped="0" failures="0">
  <properties>
    <property name="idea.version" value="2017.2.6"/>
    <property name="java.runtime.name" value="Java(TM) SE Runtime Environment"/>
    <property name="sun.boot.library.path" value="C:\Program Files\Java\jdk1.8.0_152\jre\bin"/>
    <property name="java.vm.version" value="25.152-b16"/>
    <property name="java.vm.vendor" value="Oracle Corporation"/>
    <property name="maven.multiModuleProjectDirectory" value="C:\Users\andre\OneDrive\Netcracker"/>
    <property name="java.vendor.url" value="http://java.oracle.com/"/>
    <property name="path.separator" value=";"/>
    <property name="guice.disable.misplaced.annotation.check" value="true"/>
    <property name="java.vm.name" value="Java HotSpot(TM) 64-Bit Server VM"/>
    <property name="file.encoding.pkg" value="sun.io"/>
    <property name="user.script" value=""/>
    <property name="user.country" value="RU"/>
    <property name="sun.java.launcher" value="SUN_STANDARD"/>
    <property name="sun.os.patch.level" value=""/>
    <property name="java.vm.specification.name" value="Java Virtual Machine Specification"/>
    <property name="user.dir" value="C:\Users\andre\OneDrive\Netcracker"/>
    <property name="java.runtime.version" value="1.8.0_152-b16"/>
    <property name="java.awt.graphicsenv" value="sun.awt.Win32GraphicsEnvironment"/>
    <property name="java.endorsed.dirs" value="C:\Program Files\Java\jdk1.8.0_152\jre\lib\endorsed"/>
    <property name="os.arch" value="amd64"/>
    <property name="java.io.tmpdir" value="C:\Users\andre\AppData\Local\Temp\"/>
    <property name="line.separator" value="&#10;"/>
    <property name="java.vm.specification.vendor" value="Oracle Corporation"/>
    <property name="user.variant" value=""/>
    <property name="os.name" value="Windows 10"/>
    <property name="classworlds.conf" value="C:\Program Files\JetBrains\IntelliJ IDEA 2017.2.5\plugins\maven\lib\maven3\bin\m2.conf"/>
    <property name="sun.jnu.encoding" value="Cp1251"/>
    <property name="java.library.path" value="C:\Program Files\Java\jdk1.8.0_152\bin;C:\Windows\Sun\Java\bin;C:\Windows\system32;C:\Windows;C:\ProgramData\Oracle\Java\javapath;C:\Windows\system32;C:\Windows;C:\Windows\System32\Wbem;C:\Windows\System32\WindowsPowerShell\v1.0\;C:\Program Files (x86)\NVIDIA Corporation\PhysX\Common;C:\Program Files\MySQL\MySQL Utilities 1.6\;C:\Users\andre\AppData\Local\Microsoft\WindowsApps;;."/>
    <property name="java.specification.name" value="Java Platform API Specification"/>
    <property name="java.class.version" value="52.0"/>
    <property name="sun.management.compiler" value="HotSpot 64-Bit Tiered Compilers"/>
    <property name="os.version" value="10.0"/>
    <property name="user.home" value="C:\Users\andre"/>
    <property name="user.timezone" value="Europe/Samara"/>
    <property name="java.awt.printerjob" value="sun.awt.windows.WPrinterJob"/>
    <property name="java.specification.version" value="1.8"/>
    <property name="file.encoding" value="UTF-8"/>
    <property name="user.name" value="andre"/>
    <property name="java.class.path" value="C:\Program Files\JetBrains\IntelliJ IDEA 2017.2.5\plugins\maven\lib\maven3\boot\plexus-classworlds-2.5.2.jar;C:\Program Files\JetBrains\IntelliJ IDEA 2017.2.5\lib\idea_rt.jar"/>
    <property name="java.vm.specification.version" value="1.8"/>
    <property name="sun.arch.data.model" value="64"/>
    <property name="java.home" value="C:\Program Files\Java\jdk1.8.0_152\jre"/>
    <property name="sun.java.command" value="org.codehaus.classworlds.Launcher -Didea.version=2017.2.6 package"/>
    <property name="java.specification.vendor" value="Oracle Corporation"/>
    <property name="user.language" value="ru"/>
    <property name="awt.toolkit" value="sun.awt.windows.WToolkit"/>
    <property name="java.vm.info" value="mixed mode"/>
    <property name="java.version" value="1.8.0_152"/>
    <property name="java.ext.dirs" value="C:\Program Files\Java\jdk1.8.0_152\jre\lib\ext;C:\Windows\Sun\Java\lib\ext"/>
    <property name="sun.boot.class.path" value="C:\Program Files\Java\jdk1.8.0_152\jre\lib\resources.jar;C:\Program Files\Java\jdk1.8.0_152\jre\lib\rt.jar;C:\Program Files\Java\jdk1.8.0_152\jre\lib\sunrsasign.jar;C:\Program Files\Java\jdk1.8.0_152\jre\lib\jsse.jar;C:\Program Files\Java\jdk1.8.0_152\jre\lib\jce.jar;C:\Program Files\Java\jdk1.8.0_152\jre\lib\charsets.jar;C:\Program Files\Java\jdk1.8.0_152\jre\lib\jfr.jar;C:\Program Files\Java\jdk1.8.0_152\jre\classes"/>
    <property name="java.vendor" value="Oracle Corporation"/>
    <property name="maven.home" value="C:\Program Files\JetBrains\IntelliJ IDEA 2017.2.5\plugins\maven\lib\maven3"/>
    <property name="file.separator" value="\"/>
    <property name="java.vendor.url.bug" value="http://bugreport.sun.com/bugreport/"/>
    <property name="sun.cpu.endian" value="little"/>
    <property name="sun.io.unicode.encoding" value="UnicodeLittle"/>
    <property name="sun.desktop" value="windows"/>
    <property name="sun.cpu.isalist" value="amd64"/>
  </properties>
  <testcase name="contextLoads" classname="com.example.demo.DemoApplicationTests" time="0.015">
    <error message="Failed to load ApplicationContext" type="java.lang.IllegalStateException">java.lang.IllegalStateException: Failed to load ApplicationContext
	at org.springframework.test.context.cache.DefaultCacheAwareContextLoaderDelegate.loadContext(DefaultCacheAwareContextLoaderDelegate.java:124)
	at org.springframework.test.context.support.DefaultTestContext.getApplicationContext(DefaultTestContext.java:83)
	at org.springframework.test.context.web.ServletTestExecutionListener.setUpRequestContextIfNecessary(ServletTestExecutionListener.java:189)
	at org.springframework.test.context.web.ServletTestExecutionListener.prepareTestInstance(ServletTestExecutionListener.java:131)
	at org.springframework.test.context.TestContextManager.prepareTestInstance(TestContextManager.java:230)
	at org.springframework.test.context.junit4.SpringJUnit4ClassRunner.createTest(SpringJUnit4ClassRunner.java:228)
	at org.springframework.test.context.junit4.SpringJUnit4ClassRunner$1.runReflectiveCall(SpringJUnit4ClassRunner.java:287)
	at org.junit.internal.runners.model.ReflectiveCallable.run(ReflectiveCallable.java:12)
	at org.springframework.test.context.junit4.SpringJUnit4ClassRunner.methodBlock(SpringJUnit4ClassRunner.java:289)
	at org.springframework.test.context.junit4.SpringJUnit4ClassRunner.runChild(SpringJUnit4ClassRunner.java:247)
	at org.springframework.test.context.junit4.SpringJUnit4ClassRunner.runChild(SpringJUnit4ClassRunner.java:94)
	at org.junit.runners.ParentRunner$3.run(ParentRunner.java:290)
	at org.junit.runners.ParentRunner$1.schedule(ParentRunner.java:71)
	at org.junit.runners.ParentRunner.runChildren(ParentRunner.java:288)
	at org.junit.runners.ParentRunner.access$000(ParentRunner.java:58)
	at org.junit.runners.ParentRunner$2.evaluate(ParentRunner.java:268)
	at org.springframework.test.context.junit4.statements.RunBeforeTestClassCallbacks.evaluate(RunBeforeTestClassCallbacks.java:61)
	at org.springframework.test.context.junit4.statements.RunAfterTestClassCallbacks.evaluate(RunAfterTestClassCallbacks.java:70)
	at org.junit.runners.ParentRunner.run(ParentRunner.java:363)
	at org.springframework.test.context.junit4.SpringJUnit4ClassRunner.run(SpringJUnit4ClassRunner.java:191)
	at org.apache.maven.surefire.junit4.JUnit4Provider.execute(JUnit4Provider.java:283)
	at org.apache.maven.surefire.junit4.JUnit4Provider.executeWithRerun(JUnit4Provider.java:173)
	at org.apache.maven.surefire.junit4.JUnit4Provider.executeTestSet(JUnit4Provider.java:153)
	at org.apache.maven.surefire.junit4.JUnit4Provider.invoke(JUnit4Provider.java:128)
	at org.apache.maven.surefire.booter.ForkedBooter.invokeProviderInSameClassLoader(ForkedBooter.java:203)
	at org.apache.maven.surefire.booter.ForkedBooter.runSuitesInProcess(ForkedBooter.java:155)
	at org.apache.maven.surefire.booter.ForkedBooter.main(ForkedBooter.java:103)
Caused by: org.springframework.beans.factory.UnsatisfiedDependencyException: Error creating bean with name 'org.springframework.boot.autoconfigure.orm.jpa.HibernateJpaAutoConfiguration': Unsatisfied dependency expressed through constructor parameter 0; nested exception is org.springframework.beans.factory.BeanCreationException: Error creating bean with name 'dataSource' defined in class path resource [org/springframework/boot/autoconfigure/jdbc/DataSourceConfiguration$Tomcat.class]: Bean instantiation via factory method failed; nested exception is org.springframework.beans.BeanInstantiationException: Failed to instantiate [org.apache.tomcat.jdbc.pool.DataSource]: Factory method 'dataSource' threw exception; nested exception is org.springframework.boot.autoconfigure.jdbc.DataSourceProperties$DataSourceBeanCreationException: Cannot determine embedded database driver class for database type NONE. If you want an embedded database please put a supported one on the classpath. If you have database settings to be loaded from a particular profile you may need to active it (no profiles are currently active).
	at org.springframework.beans.factory.support.ConstructorResolver.createArgumentArray(ConstructorResolver.java:749)
	at org.springframework.beans.factory.support.ConstructorResolver.autowireConstructor(ConstructorResolver.java:189)
	at org.springframework.beans.factory.support.AbstractAutowireCapableBeanFactory.autowireConstructor(AbstractAutowireCapableBeanFactory.java:1193)
	at org.springframework.beans.factory.support.AbstractAutowireCapableBeanFactory.createBeanInstance(AbstractAutowireCapableBeanFactory.java:1095)
	at org.springframework.beans.factory.support.AbstractAutowireCapableBeanFactory.doCreateBean(AbstractAutowireCapableBeanFactory.java:513)
	at org.springframework.beans.factory.support.AbstractAutowireCapableBeanFactory.createBean(AbstractAutowireCapableBeanFactory.java:483)
	at org.springframework.beans.factory.support.AbstractBeanFactory$1.getObject(AbstractBeanFactory.java:306)
	at org.springframework.beans.factory.support.DefaultSingletonBeanRegistry.getSingleton(DefaultSingletonBeanRegistry.java:230)
	at org.springframework.beans.factory.support.AbstractBeanFactory.doGetBean(AbstractBeanFactory.java:302)
	at org.springframework.beans.factory.support.AbstractBeanFactory.getBean(AbstractBeanFactory.java:197)
	at org.springframework.beans.factory.support.ConstructorResolver.instantiateUsingFactoryMethod(ConstructorResolver.java:372)
	at org.springframework.beans.factory.support.AbstractAutowireCapableBeanFactory.instantiateUsingFactoryMethod(AbstractAutowireCapableBeanFactory.java:1173)
	at org.springframework.beans.factory.support.AbstractAutowireCapableBeanFactory.createBeanInstance(AbstractAutowireCapableBeanFactory.java:1067)
	at org.springframework.beans.factory.support.AbstractAutowireCapableBeanFactory.doCreateBean(AbstractAutowireCapableBeanFactory.java:513)
	at org.springframework.beans.factory.support.AbstractAutowireCapableBeanFactory.createBean(AbstractAutowireCapableBeanFactory.java:483)
	at org.springframework.beans.factory.support.AbstractBeanFactory$1.getObject(AbstractBeanFactory.java:306)
	at org.springframework.beans.factory.support.DefaultSingletonBeanRegistry.getSingleton(DefaultSingletonBeanRegistry.java:230)
	at org.springframework.beans.factory.support.AbstractBeanFactory.doGetBean(AbstractBeanFactory.java:302)
	at org.springframework.beans.factory.support.AbstractBeanFactory.getBean(AbstractBeanFactory.java:197)
	at org.springframework.context.support.AbstractApplicationContext.getBean(AbstractApplicationContext.java:1078)
	at org.springframework.context.support.AbstractApplicationContext.finishBeanFactoryInitialization(AbstractApplicationContext.java:857)
	at org.springframework.context.support.AbstractApplicationContext.refresh(AbstractApplicationContext.java:543)
	at org.springframework.boot.SpringApplication.refresh(SpringApplication.java:693)
	at org.springframework.boot.SpringApplication.refreshContext(SpringApplication.java:360)
	at org.springframework.boot.SpringApplication.run(SpringApplication.java:303)
	at org.springframework.boot.test.context.SpringBootContextLoader.loadContext(SpringBootContextLoader.java:120)
	at org.springframework.test.context.cache.DefaultCacheAwareContextLoaderDelegate.loadContextInternal(DefaultCacheAwareContextLoaderDelegate.java:98)
	at org.springframework.test.context.cache.DefaultCacheAwareContextLoaderDelegate.loadContext(DefaultCacheAwareContextLoaderDelegate.java:116)
	at org.springframework.test.context.support.DefaultTestContext.getApplicationContext(DefaultTestContext.java:83)
	at org.springframework.test.context.web.ServletTestExecutionListener.setUpRequestContextIfNecessary(ServletTestExecutionListener.java:189)
	at org.springframework.test.context.web.ServletTestExecutionListener.prepareTestInstance(ServletTestExecutionListener.java:131)
	at org.springframework.test.context.TestContextManager.prepareTestInstance(TestContextManager.java:230)
	at org.springframework.test.context.junit4.SpringJUnit4ClassRunner.createTest(SpringJUnit4ClassRunner.java:228)
	at org.springframework.test.context.junit4.SpringJUnit4ClassRunner$1.runReflectiveCall(SpringJUnit4ClassRunner.java:287)
	at org.junit.internal.runners.model.ReflectiveCallable.run(ReflectiveCallable.java:12)
	at org.springframework.test.context.junit4.SpringJUnit4ClassRunner.methodBlock(SpringJUnit4ClassRunner.java:289)
	at org.springframework.test.context.junit4.SpringJUnit4ClassRunner.runChild(SpringJUnit4ClassRunner.java:247)
	at org.springframework.test.context.junit4.SpringJUnit4ClassRunner.runChild(SpringJUnit4ClassRunner.java:94)
	at org.junit.runners.ParentRunner$3.run(ParentRunner.java:290)
	at org.junit.runners.ParentRunner$1.schedule(ParentRunner.java:71)
	at org.junit.runners.ParentRunner.runChildren(ParentRunner.java:288)
	at org.junit.runners.ParentRunner.access$000(ParentRunner.java:58)
	at org.junit.runners.ParentRunner$2.evaluate(ParentRunner.java:268)
	at org.springframework.test.context.junit4.statements.RunBeforeTestClassCallbacks.evaluate(RunBeforeTestClassCallbacks.java:61)
	at org.springframework.test.context.junit4.statements.RunAfterTestClassCallbacks.evaluate(RunAfterTestClassCallbacks.java:70)
	at org.junit.runners.ParentRunner.run(ParentRunner.java:363)
	at org.springframework.test.context.junit4.SpringJUnit4ClassRunner.run(SpringJUnit4ClassRunner.java:191)
	at org.apache.maven.surefire.junit4.JUnit4Provider.execute(JUnit4Provider.java:283)
	at org.apache.maven.surefire.junit4.JUnit4Provider.executeWithRerun(JUnit4Provider.java:173)
	at org.apache.maven.surefire.junit4.JUnit4Provider.executeTestSet(JUnit4Provider.java:153)
	at org.apache.maven.surefire.junit4.JUnit4Provider.invoke(JUnit4Provider.java:128)
	at org.apache.maven.surefire.booter.ForkedBooter.invokeProviderInSameClassLoader(ForkedBooter.java:203)
	at org.apache.maven.surefire.booter.ForkedBooter.runSuitesInProcess(ForkedBooter.java:155)
	at org.apache.maven.surefire.booter.ForkedBooter.main(ForkedBooter.java:103)
Caused by: org.springframework.beans.factory.BeanCreationException: Error creating bean with name 'dataSource' defined in class path resource [org/springframework/boot/autoconfigure/jdbc/DataSourceConfiguration$Tomcat.class]: Bean instantiation via factory method failed; nested exception is org.springframework.beans.BeanInstantiationException: Failed to instantiate [org.apache.tomcat.jdbc.pool.DataSource]: Factory method 'dataSource' threw exception; nested exception is org.springframework.boot.autoconfigure.jdbc.DataSourceProperties$DataSourceBeanCreationException: Cannot determine embedded database driver class for database type NONE. If you want an embedded database please put a supported one on the classpath. If you have database settings to be loaded from a particular profile you may need to active it (no profiles are currently active).
	at org.springframework.beans.factory.support.ConstructorResolver.instantiateUsingFactoryMethod(ConstructorResolver.java:599)
	at org.springframework.beans.factory.support.AbstractAutowireCapableBeanFactory.instantiateUsingFactoryMethod(AbstractAutowireCapableBeanFactory.java:1173)
	at org.springframework.beans.factory.support.AbstractAutowireCapableBeanFactory.createBeanInstance(AbstractAutowireCapableBeanFactory.java:1067)
	at org.springframework.beans.factory.support.AbstractAutowireCapableBeanFactory.doCreateBean(AbstractAutowireCapableBeanFactory.java:513)
	at org.springframework.beans.factory.support.AbstractAutowireCapableBeanFactory.createBean(AbstractAutowireCapableBeanFactory.java:483)
	at org.springframework.beans.factory.support.AbstractBeanFactory$1.getObject(AbstractBeanFactory.java:306)
	at org.springframework.beans.factory.support.DefaultSingletonBeanRegistry.getSingleton(DefaultSingletonBeanRegistry.java:230)
	at org.springframework.beans.factory.support.AbstractBeanFactory.doGetBean(AbstractBeanFactory.java:302)
	at org.springframework.beans.factory.support.AbstractBeanFactory.getBean(AbstractBeanFactory.java:202)
	at org.springframework.beans.factory.config.DependencyDescriptor.resolveCandidate(DependencyDescriptor.java:208)
	at org.springframework.beans.factory.support.DefaultListableBeanFactory.doResolveDependency(DefaultListableBeanFactory.java:1138)
	at org.springframework.beans.factory.support.DefaultListableBeanFactory.resolveDependency(DefaultListableBeanFactory.java:1066)
	at org.springframework.beans.factory.support.ConstructorResolver.resolveAutowiredArgument(ConstructorResolver.java:835)
	at org.springframework.beans.factory.support.ConstructorResolver.createArgumentArray(ConstructorResolver.java:741)
	at org.springframework.beans.factory.support.ConstructorResolver.autowireConstructor(ConstructorResolver.java:189)
	at org.springframework.beans.factory.support.AbstractAutowireCapableBeanFactory.autowireConstructor(AbstractAutowireCapableBeanFactory.java:1193)
	at org.springframework.beans.factory.support.AbstractAutowireCapableBeanFactory.createBeanInstance(AbstractAutowireCapableBeanFactory.java:1095)
	at org.springframework.beans.factory.support.AbstractAutowireCapableBeanFactory.doCreateBean(AbstractAutowireCapableBeanFactory.java:513)
	at org.springframework.beans.factory.support.AbstractAutowireCapableBeanFactory.createBean(AbstractAutowireCapableBeanFactory.java:483)
	at org.springframework.beans.factory.support.AbstractBeanFactory$1.getObject(AbstractBeanFactory.java:306)
	at org.springframework.beans.factory.support.DefaultSingletonBeanRegistry.getSingleton(DefaultSingletonBeanRegistry.java:230)
	at org.springframework.beans.factory.support.AbstractBeanFactory.doGetBean(AbstractBeanFactory.java:302)
	at org.springframework.beans.factory.support.AbstractBeanFactory.getBean(AbstractBeanFactory.java:197)
	at org.springframework.beans.factory.support.ConstructorResolver.instantiateUsingFactoryMethod(ConstructorResolver.java:372)
	at org.springframework.beans.factory.support.AbstractAutowireCapableBeanFactory.instantiateUsingFactoryMethod(AbstractAutowireCapableBeanFactory.java:1173)
	at org.springframework.beans.factory.support.AbstractAutowireCapableBeanFactory.createBeanInstance(AbstractAutowireCapableBeanFactory.java:1067)
	at org.springframework.beans.factory.support.AbstractAutowireCapableBeanFactory.doCreateBean(AbstractAutowireCapableBeanFactory.java:513)
	at org.springframework.beans.factory.support.AbstractAutowireCapableBeanFactory.createBean(AbstractAutowireCapableBeanFactory.java:483)
	at org.springframework.beans.factory.support.AbstractBeanFactory$1.getObject(AbstractBeanFactory.java:306)
	at org.springframework.beans.factory.support.DefaultSingletonBeanRegistry.getSingleton(DefaultSingletonBeanRegistry.java:230)
	at org.springframework.beans.factory.support.AbstractBeanFactory.doGetBean(AbstractBeanFactory.java:302)
	at org.springframework.beans.factory.support.AbstractBeanFactory.getBean(AbstractBeanFactory.java:197)
	at org.springframework.context.support.AbstractApplicationContext.getBean(AbstractApplicationContext.java:1078)
	at org.springframework.context.support.AbstractApplicationContext.finishBeanFactoryInitialization(AbstractApplicationContext.java:857)
	at org.springframework.context.support.AbstractApplicationContext.refresh(AbstractApplicationContext.java:543)
	at org.springframework.boot.SpringApplication.refresh(SpringApplication.java:693)
	at org.springframework.boot.SpringApplication.refreshContext(SpringApplication.java:360)
	at org.springframework.boot.SpringApplication.run(SpringApplication.java:303)
	at org.springframework.boot.test.context.SpringBootContextLoader.loadContext(SpringBootContextLoader.java:120)
	at org.springframework.test.context.cache.DefaultCacheAwareContextLoaderDelegate.loadContextInternal(DefaultCacheAwareContextLoaderDelegate.java:98)
	at org.springframework.test.context.cache.DefaultCacheAwareContextLoaderDelegate.loadContext(DefaultCacheAwareContextLoaderDelegate.java:116)
	at org.springframework.test.context.support.DefaultTestContext.getApplicationContext(DefaultTestContext.java:83)
	at org.springframework.test.context.web.ServletTestExecutionListener.setUpRequestContextIfNecessary(ServletTestExecutionListener.java:189)
	at org.springframework.test.context.web.ServletTestExecutionListener.prepareTestInstance(ServletTestExecutionListener.java:131)
	at org.springframework.test.context.TestContextManager.prepareTestInstance(TestContextManager.java:230)
	at org.springframework.test.context.junit4.SpringJUnit4ClassRunner.createTest(SpringJUnit4ClassRunner.java:228)
	at org.springframework.test.context.junit4.SpringJUnit4ClassRunner$1.runReflectiveCall(SpringJUnit4ClassRunner.java:287)
	at org.junit.internal.runners.model.ReflectiveCallable.run(ReflectiveCallable.java:12)
	at org.springframework.test.context.junit4.SpringJUnit4ClassRunner.methodBlock(SpringJUnit4ClassRunner.java:289)
	at org.springframework.test.context.junit4.SpringJUnit4ClassRunner.runChild(SpringJUnit4ClassRunner.java:247)
	at org.springframework.test.context.junit4.SpringJUnit4ClassRunner.runChild(SpringJUnit4ClassRunner.java:94)
	at org.junit.runners.ParentRunner$3.run(ParentRunner.java:290)
	at org.junit.runners.ParentRunner$1.schedule(ParentRunner.java:71)
	at org.junit.runners.ParentRunner.runChildren(ParentRunner.java:288)
	at org.junit.runners.ParentRunner.access$000(ParentRunner.java:58)
	at org.junit.runners.ParentRunner$2.evaluate(ParentRunner.java:268)
	at org.springframework.test.context.junit4.statements.RunBeforeTestClassCallbacks.evaluate(RunBeforeTestClassCallbacks.java:61)
	at org.springframework.test.context.junit4.statements.RunAfterTestClassCallbacks.evaluate(RunAfterTestClassCallbacks.java:70)
	at org.junit.runners.ParentRunner.run(ParentRunner.java:363)
	at org.springframework.test.context.junit4.SpringJUnit4ClassRunner.run(SpringJUnit4ClassRunner.java:191)
	at org.apache.maven.surefire.junit4.JUnit4Provider.execute(JUnit4Provider.java:283)
	at org.apache.maven.surefire.junit4.JUnit4Provider.executeWithRerun(JUnit4Provider.java:173)
	at org.apache.maven.surefire.junit4.JUnit4Provider.executeTestSet(JUnit4Provider.java:153)
	at org.apache.maven.surefire.junit4.JUnit4Provider.invoke(JUnit4Provider.java:128)
	at org.apache.maven.surefire.booter.ForkedBooter.invokeProviderInSameClassLoader(ForkedBooter.java:203)
	at org.apache.maven.surefire.booter.ForkedBooter.runSuitesInProcess(ForkedBooter.java:155)
	at org.apache.maven.surefire.booter.ForkedBooter.main(ForkedBooter.java:103)
Caused by: org.springframework.beans.BeanInstantiationException: Failed to instantiate [org.apache.tomcat.jdbc.pool.DataSource]: Factory method 'dataSource' threw exception; nested exception is org.springframework.boot.autoconfigure.jdbc.DataSourceProperties$DataSourceBeanCreationException: Cannot determine embedded database driver class for database type NONE. If you want an embedded database please put a supported one on the classpath. If you have database settings to be loaded from a particular profile you may need to active it (no profiles are currently active).
	at org.springframework.beans.factory.support.SimpleInstantiationStrategy.instantiate(SimpleInstantiationStrategy.java:189)
	at org.springframework.beans.factory.support.ConstructorResolver.instantiateUsingFactoryMethod(ConstructorResolver.java:588)
	at org.springframework.beans.factory.support.AbstractAutowireCapableBeanFactory.instantiateUsingFactoryMethod(AbstractAutowireCapableBeanFactory.java:1173)
	at org.springframework.beans.factory.support.AbstractAutowireCapableBeanFactory.createBeanInstance(AbstractAutowireCapableBeanFactory.java:1067)
	at org.springframework.beans.factory.support.AbstractAutowireCapableBeanFactory.doCreateBean(AbstractAutowireCapableBeanFactory.java:513)
	at org.springframework.beans.factory.support.AbstractAutowireCapableBeanFactory.createBean(AbstractAutowireCapableBeanFactory.java:483)
	at org.springframework.beans.factory.support.AbstractBeanFactory$1.getObject(AbstractBeanFactory.java:306)
	at org.springframework.beans.factory.support.DefaultSingletonBeanRegistry.getSingleton(DefaultSingletonBeanRegistry.java:230)
	at org.springframework.beans.factory.support.AbstractBeanFactory.doGetBean(AbstractBeanFactory.java:302)
	at org.springframework.beans.factory.support.AbstractBeanFactory.getBean(AbstractBeanFactory.java:202)
	at org.springframework.beans.factory.config.DependencyDescriptor.resolveCandidate(DependencyDescriptor.java:208)
	at org.springframework.beans.factory.support.DefaultListableBeanFactory.doResolveDependency(DefaultListableBeanFactory.java:1138)
	at org.springframework.beans.factory.support.DefaultListableBeanFactory.resolveDependency(DefaultListableBeanFactory.java:1066)
	at org.springframework.beans.factory.support.ConstructorResolver.resolveAutowiredArgument(ConstructorResolver.java:835)
	at org.springframework.beans.factory.support.ConstructorResolver.createArgumentArray(ConstructorResolver.java:741)
	at org.springframework.beans.factory.support.ConstructorResolver.autowireConstructor(ConstructorResolver.java:189)
	at org.springframework.beans.factory.support.AbstractAutowireCapableBeanFactory.autowireConstructor(AbstractAutowireCapableBeanFactory.java:1193)
	at org.springframework.beans.factory.support.AbstractAutowireCapableBeanFactory.createBeanInstance(AbstractAutowireCapableBeanFactory.java:1095)
	at org.springframework.beans.factory.support.AbstractAutowireCapableBeanFactory.doCreateBean(AbstractAutowireCapableBeanFactory.java:513)
	at org.springframework.beans.factory.support.AbstractAutowireCapableBeanFactory.createBean(AbstractAutowireCapableBeanFactory.java:483)
	at org.springframework.beans.factory.support.AbstractBeanFactory$1.getObject(AbstractBeanFactory.java:306)
	at org.springframework.beans.factory.support.DefaultSingletonBeanRegistry.getSingleton(DefaultSingletonBeanRegistry.java:230)
	at org.springframework.beans.factory.support.AbstractBeanFactory.doGetBean(AbstractBeanFactory.java:302)
	at org.springframework.beans.factory.support.AbstractBeanFactory.getBean(AbstractBeanFactory.java:197)
	at org.springframework.beans.factory.support.ConstructorResolver.instantiateUsingFactoryMethod(ConstructorResolver.java:372)
	at org.springframework.beans.factory.support.AbstractAutowireCapableBeanFactory.instantiateUsingFactoryMethod(AbstractAutowireCapableBeanFactory.java:1173)
	at org.springframework.beans.factory.support.AbstractAutowireCapableBeanFactory.createBeanInstance(AbstractAutowireCapableBeanFactory.java:1067)
	at org.springframework.beans.factory.support.AbstractAutowireCapableBeanFactory.doCreateBean(AbstractAutowireCapableBeanFactory.java:513)
	at org.springframework.beans.factory.support.AbstractAutowireCapableBeanFactory.createBean(AbstractAutowireCapableBeanFactory.java:483)
	at org.springframework.beans.factory.support.AbstractBeanFactory$1.getObject(AbstractBeanFactory.java:306)
	at org.springframework.beans.factory.support.DefaultSingletonBeanRegistry.getSingleton(DefaultSingletonBeanRegistry.java:230)
	at org.springframework.beans.factory.support.AbstractBeanFactory.doGetBean(AbstractBeanFactory.java:302)
	at org.springframework.beans.factory.support.AbstractBeanFactory.getBean(AbstractBeanFactory.java:197)
	at org.springframework.context.support.AbstractApplicationContext.getBean(AbstractApplicationContext.java:1078)
	at org.springframework.context.support.AbstractApplicationContext.finishBeanFactoryInitialization(AbstractApplicationContext.java:857)
	at org.springframework.context.support.AbstractApplicationContext.refresh(AbstractApplicationContext.java:543)
	at org.springframework.boot.SpringApplication.refresh(SpringApplication.java:693)
	at org.springframework.boot.SpringApplication.refreshContext(SpringApplication.java:360)
	at org.springframework.boot.SpringApplication.run(SpringApplication.java:303)
	at org.springframework.boot.test.context.SpringBootContextLoader.loadContext(SpringBootContextLoader.java:120)
	at org.springframework.test.context.cache.DefaultCacheAwareContextLoaderDelegate.loadContextInternal(DefaultCacheAwareContextLoaderDelegate.java:98)
	at org.springframework.test.context.cache.DefaultCacheAwareContextLoaderDelegate.loadContext(DefaultCacheAwareContextLoaderDelegate.java:116)
	at org.springframework.test.context.support.DefaultTestContext.getApplicationContext(DefaultTestContext.java:83)
	at org.springframework.test.context.web.ServletTestExecutionListener.setUpRequestContextIfNecessary(ServletTestExecutionListener.java:189)
	at org.springframework.test.context.web.ServletTestExecutionListener.prepareTestInstance(ServletTestExecutionListener.java:131)
	at org.springframework.test.context.TestContextManager.prepareTestInstance(TestContextManager.java:230)
	at org.springframework.test.context.junit4.SpringJUnit4ClassRunner.createTest(SpringJUnit4ClassRunner.java:228)
	at org.springframework.test.context.junit4.SpringJUnit4ClassRunner$1.runReflectiveCall(SpringJUnit4ClassRunner.java:287)
	at org.junit.internal.runners.model.ReflectiveCallable.run(ReflectiveCallable.java:12)
	at org.springframework.test.context.junit4.SpringJUnit4ClassRunner.methodBlock(SpringJUnit4ClassRunner.java:289)
	at org.springframework.test.context.junit4.SpringJUnit4ClassRunner.runChild(SpringJUnit4ClassRunner.java:247)
	at org.springframework.test.context.junit4.SpringJUnit4ClassRunner.runChild(SpringJUnit4ClassRunner.java:94)
	at org.junit.runners.ParentRunner$3.run(ParentRunner.java:290)
	at org.junit.runners.ParentRunner$1.schedule(ParentRunner.java:71)
	at org.junit.runners.ParentRunner.runChildren(ParentRunner.java:288)
	at org.junit.runners.ParentRunner.access$000(ParentRunner.java:58)
	at org.junit.runners.ParentRunner$2.evaluate(ParentRunner.java:268)
	at org.springframework.test.context.junit4.statements.RunBeforeTestClassCallbacks.evaluate(RunBeforeTestClassCallbacks.java:61)
	at org.springframework.test.context.junit4.statements.RunAfterTestClassCallbacks.evaluate(RunAfterTestClassCallbacks.java:70)
	at org.junit.runners.ParentRunner.run(ParentRunner.java:363)
	at org.springframework.test.context.junit4.SpringJUnit4ClassRunner.run(SpringJUnit4ClassRunner.java:191)
	at org.apache.maven.surefire.junit4.JUnit4Provider.execute(JUnit4Provider.java:283)
	at org.apache.maven.surefire.junit4.JUnit4Provider.executeWithRerun(JUnit4Provider.java:173)
	at org.apache.maven.surefire.junit4.JUnit4Provider.executeTestSet(JUnit4Provider.java:153)
	at org.apache.maven.surefire.junit4.JUnit4Provider.invoke(JUnit4Provider.java:128)
	at org.apache.maven.surefire.booter.ForkedBooter.invokeProviderInSameClassLoader(ForkedBooter.java:203)
	at org.apache.maven.surefire.booter.ForkedBooter.runSuitesInProcess(ForkedBooter.java:155)
	at org.apache.maven.surefire.booter.ForkedBooter.main(ForkedBooter.java:103)
Caused by: org.springframework.boot.autoconfigure.jdbc.DataSourceProperties$DataSourceBeanCreationException: Cannot determine embedded database driver class for database type NONE. If you want an embedded database please put a supported one on the classpath. If you have database settings to be loaded from a particular profile you may need to active it (no profiles are currently active).
	at org.springframework.boot.autoconfigure.jdbc.DataSourceProperties.determineDriverClassName(DataSourceProperties.java:247)
	at org.springframework.boot.autoconfigure.jdbc.DataSourceProperties.initializeDataSourceBuilder(DataSourceProperties.java:184)
	at org.springframework.boot.autoconfigure.jdbc.DataSourceConfiguration.createDataSource(DataSourceConfiguration.java:42)
	at org.springframework.boot.autoconfigure.jdbc.DataSourceConfiguration$Tomcat.dataSource(DataSourceConfiguration.java:56)
	at sun.reflect.NativeMethodAccessorImpl.invoke0(Native Method)
	at sun.reflect.NativeMethodAccessorImpl.invoke(NativeMethodAccessorImpl.java:62)
	at sun.reflect.DelegatingMethodAccessorImpl.invoke(DelegatingMethodAccessorImpl.java:43)
	at java.lang.reflect.Method.invoke(Method.java:498)
	at org.springframework.beans.factory.support.SimpleInstantiationStrategy.instantiate(SimpleInstantiationStrategy.java:162)
	at org.springframework.beans.factory.support.ConstructorResolver.instantiateUsingFactoryMethod(ConstructorResolver.java:588)
	at org.springframework.beans.factory.support.AbstractAutowireCapableBeanFactory.instantiateUsingFactoryMethod(AbstractAutowireCapableBeanFactory.java:1173)
	at org.springframework.beans.factory.support.AbstractAutowireCapableBeanFactory.createBeanInstance(AbstractAutowireCapableBeanFactory.java:1067)
	at org.springframework.beans.factory.support.AbstractAutowireCapableBeanFactory.doCreateBean(AbstractAutowireCapableBeanFactory.java:513)
	at org.springframework.beans.factory.support.AbstractAutowireCapableBeanFactory.createBean(AbstractAutowireCapableBeanFactory.java:483)
	at org.springframework.beans.factory.support.AbstractBeanFactory$1.getObject(AbstractBeanFactory.java:306)
	at org.springframework.beans.factory.support.DefaultSingletonBeanRegistry.getSingleton(DefaultSingletonBeanRegistry.java:230)
	at org.springframework.beans.factory.support.AbstractBeanFactory.doGetBean(AbstractBeanFactory.java:302)
	at org.springframework.beans.factory.support.AbstractBeanFactory.getBean(AbstractBeanFactory.java:202)
	at org.springframework.beans.factory.config.DependencyDescriptor.resolveCandidate(DependencyDescriptor.java:208)
	at org.springframework.beans.factory.support.DefaultListableBeanFactory.doResolveDependency(DefaultListableBeanFactory.java:1138)
	at org.springframework.beans.factory.support.DefaultListableBeanFactory.resolveDependency(DefaultListableBeanFactory.java:1066)
	at org.springframework.beans.factory.support.ConstructorResolver.resolveAutowiredArgument(ConstructorResolver.java:835)
	at org.springframework.beans.factory.support.ConstructorResolver.createArgumentArray(ConstructorResolver.java:741)
	at org.springframework.beans.factory.support.ConstructorResolver.autowireConstructor(ConstructorResolver.java:189)
	at org.springframework.beans.factory.support.AbstractAutowireCapableBeanFactory.autowireConstructor(AbstractAutowireCapableBeanFactory.java:1193)
	at org.springframework.beans.factory.support.AbstractAutowireCapableBeanFactory.createBeanInstance(AbstractAutowireCapableBeanFactory.java:1095)
	at org.springframework.beans.factory.support.AbstractAutowireCapableBeanFactory.doCreateBean(AbstractAutowireCapableBeanFactory.java:513)
	at org.springframework.beans.factory.support.AbstractAutowireCapableBeanFactory.createBean(AbstractAutowireCapableBeanFactory.java:483)
	at org.springframework.beans.factory.support.AbstractBeanFactory$1.getObject(AbstractBeanFactory.java:306)
	at org.springframework.beans.factory.support.DefaultSingletonBeanRegistry.getSingleton(DefaultSingletonBeanRegistry.java:230)
	at org.springframework.beans.factory.support.AbstractBeanFactory.doGetBean(AbstractBeanFactory.java:302)
	at org.springframework.beans.factory.support.AbstractBeanFactory.getBean(AbstractBeanFactory.java:197)
	at org.springframework.beans.factory.support.ConstructorResolver.instantiateUsingFactoryMethod(ConstructorResolver.java:372)
	at org.springframework.beans.factory.support.AbstractAutowireCapableBeanFactory.instantiateUsingFactoryMethod(AbstractAutowireCapableBeanFactory.java:1173)
	at org.springframework.beans.factory.support.AbstractAutowireCapableBeanFactory.createBeanInstance(AbstractAutowireCapableBeanFactory.java:1067)
	at org.springframework.beans.factory.support.AbstractAutowireCapableBeanFactory.doCreateBean(AbstractAutowireCapableBeanFactory.java:513)
	at org.springframework.beans.factory.support.AbstractAutowireCapableBeanFactory.createBean(AbstractAutowireCapableBeanFactory.java:483)
	at org.springframework.beans.factory.support.AbstractBeanFactory$1.getObject(AbstractBeanFactory.java:306)
	at org.springframework.beans.factory.support.DefaultSingletonBeanRegistry.getSingleton(DefaultSingletonBeanRegistry.java:230)
	at org.springframework.beans.factory.support.AbstractBeanFactory.doGetBean(AbstractBeanFactory.java:302)
	at org.springframework.beans.factory.support.AbstractBeanFactory.getBean(AbstractBeanFactory.java:197)
	at org.springframework.context.support.AbstractApplicationContext.getBean(AbstractApplicationContext.java:1078)
	at org.springframework.context.support.AbstractApplicationContext.finishBeanFactoryInitialization(AbstractApplicationContext.java:857)
	at org.springframework.context.support.AbstractApplicationContext.refresh(AbstractApplicationContext.java:543)
	at org.springframework.boot.SpringApplication.refresh(SpringApplication.java:693)
	at org.springframework.boot.SpringApplication.refreshContext(SpringApplication.java:360)
	at org.springframework.boot.SpringApplication.run(SpringApplication.java:303)
	at org.springframework.boot.test.context.SpringBootContextLoader.loadContext(SpringBootContextLoader.java:120)
	at org.springframework.test.context.cache.DefaultCacheAwareContextLoaderDelegate.loadContextInternal(DefaultCacheAwareContextLoaderDelegate.java:98)
	at org.springframework.test.context.cache.DefaultCacheAwareContextLoaderDelegate.loadContext(DefaultCacheAwareContextLoaderDelegate.java:116)
	at org.springframework.test.context.support.DefaultTestContext.getApplicationContext(DefaultTestContext.java:83)
	at org.springframework.test.context.web.ServletTestExecutionListener.setUpRequestContextIfNecessary(ServletTestExecutionListener.java:189)
	at org.springframework.test.context.web.ServletTestExecutionListener.prepareTestInstance(ServletTestExecutionListener.java:131)
	at org.springframework.test.context.TestContextManager.prepareTestInstance(TestContextManager.java:230)
	at org.springframework.test.context.junit4.SpringJUnit4ClassRunner.createTest(SpringJUnit4ClassRunner.java:228)
	at org.springframework.test.context.junit4.SpringJUnit4ClassRunner$1.runReflectiveCall(SpringJUnit4ClassRunner.java:287)
	at org.junit.internal.runners.model.ReflectiveCallable.run(ReflectiveCallable.java:12)
	at org.springframework.test.context.junit4.SpringJUnit4ClassRunner.methodBlock(SpringJUnit4ClassRunner.java:289)
	at org.springframework.test.context.junit4.SpringJUnit4ClassRunner.runChild(SpringJUnit4ClassRunner.java:247)
	at org.springframework.test.context.junit4.SpringJUnit4ClassRunner.runChild(SpringJUnit4ClassRunner.java:94)
	at org.junit.runners.ParentRunner$3.run(ParentRunner.java:290)
	at org.junit.runners.ParentRunner$1.schedule(ParentRunner.java:71)
	at org.junit.runners.ParentRunner.runChildren(ParentRunner.java:288)
	at org.junit.runners.ParentRunner.access$000(ParentRunner.java:58)
	at org.junit.runners.ParentRunner$2.evaluate(ParentRunner.java:268)
	at org.springframework.test.context.junit4.statements.RunBeforeTestClassCallbacks.evaluate(RunBeforeTestClassCallbacks.java:61)
	at org.springframework.test.context.junit4.statements.RunAfterTestClassCallbacks.evaluate(RunAfterTestClassCallbacks.java:70)
	at org.junit.runners.ParentRunner.run(ParentRunner.java:363)
	at org.springframework.test.context.junit4.SpringJUnit4ClassRunner.run(SpringJUnit4ClassRunner.java:191)
	at org.apache.maven.surefire.junit4.JUnit4Provider.execute(JUnit4Provider.java:283)
	at org.apache.maven.surefire.junit4.JUnit4Provider.executeWithRerun(JUnit4Provider.java:173)
	at org.apache.maven.surefire.junit4.JUnit4Provider.executeTestSet(JUnit4Provider.java:153)
	at org.apache.maven.surefire.junit4.JUnit4Provider.invoke(JUnit4Provider.java:128)
	at org.apache.maven.surefire.booter.ForkedBooter.invokeProviderInSameClassLoader(ForkedBooter.java:203)
	at org.apache.maven.surefire.booter.ForkedBooter.runSuitesInProcess(ForkedBooter.java:155)
	at org.apache.maven.surefire.booter.ForkedBooter.main(ForkedBooter.java:103)
</error>
    <system-out><![CDATA[23:19:07.275 [main] DEBUG org.springframework.test.context.junit4.SpringJUnit4ClassRunner - SpringJUnit4ClassRunner constructor called with [class com.example.demo.DemoApplicationTests]
23:19:07.306 [main] DEBUG org.springframework.test.context.BootstrapUtils - Instantiating CacheAwareContextLoaderDelegate from class [org.springframework.test.context.cache.DefaultCacheAwareContextLoaderDelegate]
23:19:07.337 [main] DEBUG org.springframework.test.context.BootstrapUtils - Instantiating BootstrapContext using constructor [public org.springframework.test.context.support.DefaultBootstrapContext(java.lang.Class,org.springframework.test.context.CacheAwareContextLoaderDelegate)]
23:19:07.384 [main] DEBUG org.springframework.test.context.BootstrapUtils - Instantiating TestContextBootstrapper for test class [com.example.demo.DemoApplicationTests] from class [org.springframework.boot.test.context.SpringBootTestContextBootstrapper]
23:19:07.416 [main] INFO org.springframework.boot.test.context.SpringBootTestContextBootstrapper - Neither @ContextConfiguration nor @ContextHierarchy found for test class [com.example.demo.DemoApplicationTests], using SpringBootContextLoader
23:19:07.416 [main] DEBUG org.springframework.test.context.support.AbstractContextLoader - Did not detect default resource location for test class [com.example.demo.DemoApplicationTests]: class path resource [com/example/demo/DemoApplicationTests-context.xml] does not exist
23:19:07.416 [main] DEBUG org.springframework.test.context.support.AbstractContextLoader - Did not detect default resource location for test class [com.example.demo.DemoApplicationTests]: class path resource [com/example/demo/DemoApplicationTestsContext.groovy] does not exist
23:19:07.416 [main] INFO org.springframework.test.context.support.AbstractContextLoader - Could not detect default resource locations for test class [com.example.demo.DemoApplicationTests]: no resource found for suffixes {-context.xml, Context.groovy}.
23:19:07.416 [main] INFO org.springframework.test.context.support.AnnotationConfigContextLoaderUtils - Could not detect default configuration classes for test class [com.example.demo.DemoApplicationTests]: DemoApplicationTests does not declare any static, non-private, non-final, nested classes annotated with @Configuration.
23:19:07.556 [main] DEBUG org.springframework.test.context.support.ActiveProfilesUtils - Could not find an 'annotation declaring class' for annotation type [org.springframework.test.context.ActiveProfiles] and class [com.example.demo.DemoApplicationTests]
23:19:07.572 [main] DEBUG org.springframework.core.env.StandardEnvironment - Adding PropertySource 'systemProperties' with lowest search precedence
23:19:07.572 [main] DEBUG org.springframework.core.env.StandardEnvironment - Adding PropertySource 'systemEnvironment' with lowest search precedence
23:19:07.587 [main] DEBUG org.springframework.core.env.StandardEnvironment - Initialized StandardEnvironment with PropertySources [MapPropertySource@2054574951 {name='systemProperties', properties={idea.version=2017.2.6, java.runtime.name=Java(TM) SE Runtime Environment, sun.boot.library.path=C:\Program Files\Java\jdk1.8.0_152\jre\bin, java.vm.version=25.152-b16, java.vm.vendor=Oracle Corporation, java.vendor.url=http://java.oracle.com/, path.separator=;, java.vm.name=Java HotSpot(TM) 64-Bit Server VM, file.encoding.pkg=sun.io, user.country=RU, user.script=, sun.java.launcher=SUN_STANDARD, sun.os.patch.level=, java.vm.specification.name=Java Virtual Machine Specification, user.dir=C:\Users\andre\OneDrive\Netcracker, java.runtime.version=1.8.0_152-b16, basedir=C:\Users\andre\OneDrive\Netcracker, java.awt.graphicsenv=sun.awt.Win32GraphicsEnvironment, java.endorsed.dirs=C:\Program Files\Java\jdk1.8.0_152\jre\lib\endorsed, os.arch=amd64, surefire.real.class.path=C:\Users\andre\OneDrive\Netcracker\target\surefire\surefirebooter7917255089778496058.jar, java.io.tmpdir=C:\Users\andre\AppData\Local\Temp\, line.separator=
, java.vm.specification.vendor=Oracle Corporation, user.variant=, os.name=Windows 10, sun.jnu.encoding=Cp1251, java.library.path=C:\Program Files\Java\jdk1.8.0_152\jre\bin;C:\Windows\Sun\Java\bin;C:\Windows\system32;C:\Windows;C:\ProgramData\Oracle\Java\javapath;C:\Windows\system32;C:\Windows;C:\Windows\System32\Wbem;C:\Windows\System32\WindowsPowerShell\v1.0\;C:\Program Files (x86)\NVIDIA Corporation\PhysX\Common;C:\Program Files\MySQL\MySQL Utilities 1.6\;C:\Users\andre\AppData\Local\Microsoft\WindowsApps;;., surefire.test.class.path=C:\Users\andre\OneDrive\Netcracker\target\test-classes;C:\Users\andre\OneDrive\Netcracker\target\classes;C:\Users\andre\.m2\repository\org\springframework\boot\spring-boot-starter-data-jpa\1.5.8.RELEASE\spring-boot-starter-data-jpa-1.5.8.RELEASE.jar;C:\Users\andre\.m2\repository\org\springframework\boot\spring-boot-starter\1.5.8.RELEASE\spring-boot-starter-1.5.8.RELEASE.jar;C:\Users\andre\.m2\repository\org\springframework\boot\spring-boot\1.5.8.RELEASE\spring-boot-1.5.8.RELEASE.jar;C:\Users\andre\.m2\repository\org\springframework\boot\spring-boot-autoconfigure\1.5.8.RELEASE\spring-boot-autoconfigure-1.5.8.RELEASE.jar;C:\Users\andre\.m2\repository\org\springframework\boot\spring-boot-starter-logging\1.5.8.RELEASE\spring-boot-starter-logging-1.5.8.RELEASE.jar;C:\Users\andre\.m2\repository\ch\qos\logback\logback-classic\1.1.11\logback-classic-1.1.11.jar;C:\Users\andre\.m2\repository\ch\qos\logback\logback-core\1.1.11\logback-core-1.1.11.jar;C:\Users\andre\.m2\repository\org\slf4j\jul-to-slf4j\1.7.25\jul-to-slf4j-1.7.25.jar;C:\Users\andre\.m2\repository\org\slf4j\log4j-over-slf4j\1.7.25\log4j-over-slf4j-1.7.25.jar;C:\Users\andre\.m2\repository\org\yaml\snakeyaml\1.17\snakeyaml-1.17.jar;C:\Users\andre\.m2\repository\org\springframework\boot\spring-boot-starter-aop\1.5.8.RELEASE\spring-boot-starter-aop-1.5.8.RELEASE.jar;C:\Users\andre\.m2\repository\org\springframework\spring-aop\4.3.12.RELEASE\spring-aop-4.3.12.RELEASE.jar;C:\Users\andre\.m2\repository\org\aspectj\aspectjweaver\1.8.11\aspectjweaver-1.8.11.jar;C:\Users\andre\.m2\repository\org\springframework\boot\spring-boot-starter-jdbc\1.5.8.RELEASE\spring-boot-starter-jdbc-1.5.8.RELEASE.jar;C:\Users\andre\.m2\repository\org\apache\tomcat\tomcat-jdbc\8.5.23\tomcat-jdbc-8.5.23.jar;C:\Users\andre\.m2\repository\org\apache\tomcat\tomcat-juli\8.5.23\tomcat-juli-8.5.23.jar;C:\Users\andre\.m2\repository\org\springframework\spring-jdbc\4.3.12.RELEASE\spring-jdbc-4.3.12.RELEASE.jar;C:\Users\andre\.m2\repository\org\hibernate\hibernate-core\5.0.12.Final\hibernate-core-5.0.12.Final.jar;C:\Users\andre\.m2\repository\org\jboss\logging\jboss-logging\3.3.1.Final\jboss-logging-3.3.1.Final.jar;C:\Users\andre\.m2\repository\org\hibernate\javax\persistence\hibernate-jpa-2.1-api\1.0.0.Final\hibernate-jpa-2.1-api-1.0.0.Final.jar;C:\Users\andre\.m2\repository\org\javassist\javassist\3.21.0-GA\javassist-3.21.0-GA.jar;C:\Users\andre\.m2\repository\antlr\antlr\2.7.7\antlr-2.7.7.jar;C:\Users\andre\.m2\repository\org\jboss\jandex\2.0.0.Final\jandex-2.0.0.Final.jar;C:\Users\andre\.m2\repository\dom4j\dom4j\1.6.1\dom4j-1.6.1.jar;C:\Users\andre\.m2\repository\org\hibernate\common\hibernate-commons-annotations\5.0.1.Final\hibernate-commons-annotations-5.0.1.Final.jar;C:\Users\andre\.m2\repository\org\hibernate\hibernate-entitymanager\5.0.12.Final\hibernate-entitymanager-5.0.12.Final.jar;C:\Users\andre\.m2\repository\javax\transaction\javax.transaction-api\1.2\javax.transaction-api-1.2.jar;C:\Users\andre\.m2\repository\org\springframework\data\spring-data-jpa\1.11.8.RELEASE\spring-data-jpa-1.11.8.RELEASE.jar;C:\Users\andre\.m2\repository\org\springframework\data\spring-data-commons\1.13.8.RELEASE\spring-data-commons-1.13.8.RELEASE.jar;C:\Users\andre\.m2\repository\org\springframework\spring-orm\4.3.12.RELEASE\spring-orm-4.3.12.RELEASE.jar;C:\Users\andre\.m2\repository\org\springframework\spring-context\4.3.12.RELEASE\spring-context-4.3.12.RELEASE.jar;C:\Users\andre\.m2\repository\org\springframework\spring-tx\4.3.12.RELEASE\spring-tx-4.3.12.RELEASE.jar;C:\Users\andre\.m2\repository\org\springframework\spring-beans\4.3.12.RELEASE\spring-beans-4.3.12.RELEASE.jar;C:\Users\andre\.m2\repository\org\slf4j\slf4j-api\1.7.25\slf4j-api-1.7.25.jar;C:\Users\andre\.m2\repository\org\slf4j\jcl-over-slf4j\1.7.25\jcl-over-slf4j-1.7.25.jar;C:\Users\andre\.m2\repository\org\springframework\spring-aspects\4.3.12.RELEASE\spring-aspects-4.3.12.RELEASE.jar;C:\Users\andre\.m2\repository\org\springframework\boot\spring-boot-starter-data-rest\1.5.8.RELEASE\spring-boot-starter-data-rest-1.5.8.RELEASE.jar;C:\Users\andre\.m2\repository\com\fasterxml\jackson\core\jackson-annotations\2.8.0\jackson-annotations-2.8.0.jar;C:\Users\andre\.m2\repository\com\fasterxml\jackson\core\jackson-databind\2.8.10\jackson-databind-2.8.10.jar;C:\Users\andre\.m2\repository\com\fasterxml\jackson\core\jackson-core\2.8.10\jackson-core-2.8.10.jar;C:\Users\andre\.m2\repository\org\springframework\data\spring-data-rest-webmvc\2.6.8.RELEASE\spring-data-rest-webmvc-2.6.8.RELEASE.jar;C:\Users\andre\.m2\repository\org\springframework\data\spring-data-rest-core\2.6.8.RELEASE\spring-data-rest-core-2.6.8.RELEASE.jar;C:\Users\andre\.m2\repository\org\springframework\hateoas\spring-hateoas\0.23.0.RELEASE\spring-hateoas-0.23.0.RELEASE.jar;C:\Users\andre\.m2\repository\org\springframework\plugin\spring-plugin-core\1.2.0.RELEASE\spring-plugin-core-1.2.0.RELEASE.jar;C:\Users\andre\.m2\repository\org\atteo\evo-inflector\1.2.2\evo-inflector-1.2.2.jar;C:\Users\andre\.m2\repository\org\springframework\boot\spring-boot-starter-thymeleaf\1.5.8.RELEASE\spring-boot-starter-thymeleaf-1.5.8.RELEASE.jar;C:\Users\andre\.m2\repository\org\thymeleaf\thymeleaf-spring4\2.1.5.RELEASE\thymeleaf-spring4-2.1.5.RELEASE.jar;C:\Users\andre\.m2\repository\org\thymeleaf\thymeleaf\2.1.5.RELEASE\thymeleaf-2.1.5.RELEASE.jar;C:\Users\andre\.m2\repository\ognl\ognl\3.0.8\ognl-3.0.8.jar;C:\Users\andre\.m2\repository\org\unbescape\unbescape\1.1.0.RELEASE\unbescape-1.1.0.RELEASE.jar;C:\Users\andre\.m2\repository\nz\net\ultraq\thymeleaf\thymeleaf-layout-dialect\1.4.0\thymeleaf-layout-dialect-1.4.0.jar;C:\Users\andre\.m2\repository\org\codehaus\groovy\groovy\2.4.12\groovy-2.4.12.jar;C:\Users\andre\.m2\repository\org\springframework\boot\spring-boot-starter-web\1.5.8.RELEASE\spring-boot-starter-web-1.5.8.RELEASE.jar;C:\Users\andre\.m2\repository\org\springframework\boot\spring-boot-starter-tomcat\1.5.8.RELEASE\spring-boot-starter-tomcat-1.5.8.RELEASE.jar;C:\Users\andre\.m2\repository\org\apache\tomcat\embed\tomcat-embed-core\8.5.23\tomcat-embed-core-8.5.23.jar;C:\Users\andre\.m2\repository\org\apache\tomcat\tomcat-annotations-api\8.5.23\tomcat-annotations-api-8.5.23.jar;C:\Users\andre\.m2\repository\org\apache\tomcat\embed\tomcat-embed-el\8.5.23\tomcat-embed-el-8.5.23.jar;C:\Users\andre\.m2\repository\org\apache\tomcat\embed\tomcat-embed-websocket\8.5.23\tomcat-embed-websocket-8.5.23.jar;C:\Users\andre\.m2\repository\org\hibernate\hibernate-validator\5.3.5.Final\hibernate-validator-5.3.5.Final.jar;C:\Users\andre\.m2\repository\javax\validation\validation-api\1.1.0.Final\validation-api-1.1.0.Final.jar;C:\Users\andre\.m2\repository\com\fasterxml\classmate\1.3.4\classmate-1.3.4.jar;C:\Users\andre\.m2\repository\org\springframework\spring-web\4.3.12.RELEASE\spring-web-4.3.12.RELEASE.jar;C:\Users\andre\.m2\repository\org\springframework\spring-webmvc\4.3.12.RELEASE\spring-webmvc-4.3.12.RELEASE.jar;C:\Users\andre\.m2\repository\org\springframework\spring-expression\4.3.12.RELEASE\spring-expression-4.3.12.RELEASE.jar;C:\Users\andre\.m2\repository\org\springframework\boot\spring-boot-starter-web-services\1.5.8.RELEASE\spring-boot-starter-web-services-1.5.8.RELEASE.jar;C:\Users\andre\.m2\repository\org\springframework\spring-oxm\4.3.12.RELEASE\spring-oxm-4.3.12.RELEASE.jar;C:\Users\andre\.m2\repository\org\springframework\ws\spring-ws-core\2.4.0.RELEASE\spring-ws-core-2.4.0.RELEASE.jar;C:\Users\andre\.m2\repository\org\springframework\ws\spring-xml\2.4.0.RELEASE\spring-xml-2.4.0.RELEASE.jar;C:\Users\andre\.m2\repository\mysql\mysql-connector-java\5.1.44\mysql-connector-java-5.1.44.jar;C:\Users\andre\.m2\repository\org\projectlombok\lombok\1.16.18\lombok-1.16.18.jar;C:\Users\andre\.m2\repository\org\springframework\boot\spring-boot-starter-test\1.5.8.RELEASE\spring-boot-starter-test-1.5.8.RELEASE.jar;C:\Users\andre\.m2\repository\org\springframework\boot\spring-boot-test\1.5.8.RELEASE\spring-boot-test-1.5.8.RELEASE.jar;C:\Users\andre\.m2\repository\org\springframework\boot\spring-boot-test-autoconfigure\1.5.8.RELEASE\spring-boot-test-autoconfigure-1.5.8.RELEASE.jar;C:\Users\andre\.m2\repository\com\jayway\jsonpath\json-path\2.2.0\json-path-2.2.0.jar;C:\Users\andre\.m2\repository\net\minidev\json-smart\2.2.1\json-smart-2.2.1.jar;C:\Users\andre\.m2\repository\net\minidev\accessors-smart\1.1\accessors-smart-1.1.jar;C:\Users\andre\.m2\repository\org\ow2\asm\asm\5.0.3\asm-5.0.3.jar;C:\Users\andre\.m2\repository\junit\junit\4.12\junit-4.12.jar;C:\Users\andre\.m2\repository\org\assertj\assertj-core\2.6.0\assertj-core-2.6.0.jar;C:\Users\andre\.m2\repository\org\mockito\mockito-core\1.10.19\mockito-core-1.10.19.jar;C:\Users\andre\.m2\repository\org\objenesis\objenesis\2.1\objenesis-2.1.jar;C:\Users\andre\.m2\repository\org\hamcrest\hamcrest-core\1.3\hamcrest-core-1.3.jar;C:\Users\andre\.m2\repository\org\hamcrest\hamcrest-library\1.3\hamcrest-library-1.3.jar;C:\Users\andre\.m2\repository\org\skyscreamer\jsonassert\1.4.0\jsonassert-1.4.0.jar;C:\Users\andre\.m2\repository\com\vaadin\external\google\android-json\0.0.20131108.vaadin1\android-json-0.0.20131108.vaadin1.jar;C:\Users\andre\.m2\repository\org\springframework\spring-core\4.3.12.RELEASE\spring-core-4.3.12.RELEASE.jar;C:\Users\andre\.m2\repository\org\springframework\spring-test\4.3.12.RELEASE\spring-test-4.3.12.RELEASE.jar;, java.specification.name=Java Platform API Specification, java.class.version=52.0, sun.management.compiler=HotSpot 64-Bit Tiered Compilers, os.version=10.0, user.home=C:\Users\andre, user.timezone=Europe/Samara, java.awt.printerjob=sun.awt.windows.WPrinterJob, file.encoding=Cp1251, java.specification.version=1.8, java.class.path=C:\Users\andre\OneDrive\Netcracker\target\test-classes;C:\Users\andre\OneDrive\Netcracker\target\classes;C:\Users\andre\.m2\repository\org\springframework\boot\spring-boot-starter-data-jpa\1.5.8.RELEASE\spring-boot-starter-data-jpa-1.5.8.RELEASE.jar;C:\Users\andre\.m2\repository\org\springframework\boot\spring-boot-starter\1.5.8.RELEASE\spring-boot-starter-1.5.8.RELEASE.jar;C:\Users\andre\.m2\repository\org\springframework\boot\spring-boot\1.5.8.RELEASE\spring-boot-1.5.8.RELEASE.jar;C:\Users\andre\.m2\repository\org\springframework\boot\spring-boot-autoconfigure\1.5.8.RELEASE\spring-boot-autoconfigure-1.5.8.RELEASE.jar;C:\Users\andre\.m2\repository\org\springframework\boot\spring-boot-starter-logging\1.5.8.RELEASE\spring-boot-starter-logging-1.5.8.RELEASE.jar;C:\Users\andre\.m2\repository\ch\qos\logback\logback-classic\1.1.11\logback-classic-1.1.11.jar;C:\Users\andre\.m2\repository\ch\qos\logback\logback-core\1.1.11\logback-core-1.1.11.jar;C:\Users\andre\.m2\repository\org\slf4j\jul-to-slf4j\1.7.25\jul-to-slf4j-1.7.25.jar;C:\Users\andre\.m2\repository\org\slf4j\log4j-over-slf4j\1.7.25\log4j-over-slf4j-1.7.25.jar;C:\Users\andre\.m2\repository\org\yaml\snakeyaml\1.17\snakeyaml-1.17.jar;C:\Users\andre\.m2\repository\org\springframework\boot\spring-boot-starter-aop\1.5.8.RELEASE\spring-boot-starter-aop-1.5.8.RELEASE.jar;C:\Users\andre\.m2\repository\org\springframework\spring-aop\4.3.12.RELEASE\spring-aop-4.3.12.RELEASE.jar;C:\Users\andre\.m2\repository\org\aspectj\aspectjweaver\1.8.11\aspectjweaver-1.8.11.jar;C:\Users\andre\.m2\repository\org\springframework\boot\spring-boot-starter-jdbc\1.5.8.RELEASE\spring-boot-starter-jdbc-1.5.8.RELEASE.jar;C:\Users\andre\.m2\repository\org\apache\tomcat\tomcat-jdbc\8.5.23\tomcat-jdbc-8.5.23.jar;C:\Users\andre\.m2\repository\org\apache\tomcat\tomcat-juli\8.5.23\tomcat-juli-8.5.23.jar;C:\Users\andre\.m2\repository\org\springframework\spring-jdbc\4.3.12.RELEASE\spring-jdbc-4.3.12.RELEASE.jar;C:\Users\andre\.m2\repository\org\hibernate\hibernate-core\5.0.12.Final\hibernate-core-5.0.12.Final.jar;C:\Users\andre\.m2\repository\org\jboss\logging\jboss-logging\3.3.1.Final\jboss-logging-3.3.1.Final.jar;C:\Users\andre\.m2\repository\org\hibernate\javax\persistence\hibernate-jpa-2.1-api\1.0.0.Final\hibernate-jpa-2.1-api-1.0.0.Final.jar;C:\Users\andre\.m2\repository\org\javassist\javassist\3.21.0-GA\javassist-3.21.0-GA.jar;C:\Users\andre\.m2\repository\antlr\antlr\2.7.7\antlr-2.7.7.jar;C:\Users\andre\.m2\repository\org\jboss\jandex\2.0.0.Final\jandex-2.0.0.Final.jar;C:\Users\andre\.m2\repository\dom4j\dom4j\1.6.1\dom4j-1.6.1.jar;C:\Users\andre\.m2\repository\org\hibernate\common\hibernate-commons-annotations\5.0.1.Final\hibernate-commons-annotations-5.0.1.Final.jar;C:\Users\andre\.m2\repository\org\hibernate\hibernate-entitymanager\5.0.12.Final\hibernate-entitymanager-5.0.12.Final.jar;C:\Users\andre\.m2\repository\javax\transaction\javax.transaction-api\1.2\javax.transaction-api-1.2.jar;C:\Users\andre\.m2\repository\org\springframework\data\spring-data-jpa\1.11.8.RELEASE\spring-data-jpa-1.11.8.RELEASE.jar;C:\Users\andre\.m2\repository\org\springframework\data\spring-data-commons\1.13.8.RELEASE\spring-data-commons-1.13.8.RELEASE.jar;C:\Users\andre\.m2\repository\org\springframework\spring-orm\4.3.12.RELEASE\spring-orm-4.3.12.RELEASE.jar;C:\Users\andre\.m2\repository\org\springframework\spring-context\4.3.12.RELEASE\spring-context-4.3.12.RELEASE.jar;C:\Users\andre\.m2\repository\org\springframework\spring-tx\4.3.12.RELEASE\spring-tx-4.3.12.RELEASE.jar;C:\Users\andre\.m2\repository\org\springframework\spring-beans\4.3.12.RELEASE\spring-beans-4.3.12.RELEASE.jar;C:\Users\andre\.m2\repository\org\slf4j\slf4j-api\1.7.25\slf4j-api-1.7.25.jar;C:\Users\andre\.m2\repository\org\slf4j\jcl-over-slf4j\1.7.25\jcl-over-slf4j-1.7.25.jar;C:\Users\andre\.m2\repository\org\springframework\spring-aspects\4.3.12.RELEASE\spring-aspects-4.3.12.RELEASE.jar;C:\Users\andre\.m2\repository\org\springframework\boot\spring-boot-starter-data-rest\1.5.8.RELEASE\spring-boot-starter-data-rest-1.5.8.RELEASE.jar;C:\Users\andre\.m2\repository\com\fasterxml\jackson\core\jackson-annotations\2.8.0\jackson-annotations-2.8.0.jar;C:\Users\andre\.m2\repository\com\fasterxml\jackson\core\jackson-databind\2.8.10\jackson-databind-2.8.10.jar;C:\Users\andre\.m2\repository\com\fasterxml\jackson\core\jackson-core\2.8.10\jackson-core-2.8.10.jar;C:\Users\andre\.m2\repository\org\springframework\data\spring-data-rest-webmvc\2.6.8.RELEASE\spring-data-rest-webmvc-2.6.8.RELEASE.jar;C:\Users\andre\.m2\repository\org\springframework\data\spring-data-rest-core\2.6.8.RELEASE\spring-data-rest-core-2.6.8.RELEASE.jar;C:\Users\andre\.m2\repository\org\springframework\hateoas\spring-hateoas\0.23.0.RELEASE\spring-hateoas-0.23.0.RELEASE.jar;C:\Users\andre\.m2\repository\org\springframework\plugin\spring-plugin-core\1.2.0.RELEASE\spring-plugin-core-1.2.0.RELEASE.jar;C:\Users\andre\.m2\repository\org\atteo\evo-inflector\1.2.2\evo-inflector-1.2.2.jar;C:\Users\andre\.m2\repository\org\springframework\boot\spring-boot-starter-thymeleaf\1.5.8.RELEASE\spring-boot-starter-thymeleaf-1.5.8.RELEASE.jar;C:\Users\andre\.m2\repository\org\thymeleaf\thymeleaf-spring4\2.1.5.RELEASE\thymeleaf-spring4-2.1.5.RELEASE.jar;C:\Users\andre\.m2\repository\org\thymeleaf\thymeleaf\2.1.5.RELEASE\thymeleaf-2.1.5.RELEASE.jar;C:\Users\andre\.m2\repository\ognl\ognl\3.0.8\ognl-3.0.8.jar;C:\Users\andre\.m2\repository\org\unbescape\unbescape\1.1.0.RELEASE\unbescape-1.1.0.RELEASE.jar;C:\Users\andre\.m2\repository\nz\net\ultraq\thymeleaf\thymeleaf-layout-dialect\1.4.0\thymeleaf-layout-dialect-1.4.0.jar;C:\Users\andre\.m2\repository\org\codehaus\groovy\groovy\2.4.12\groovy-2.4.12.jar;C:\Users\andre\.m2\repository\org\springframework\boot\spring-boot-starter-web\1.5.8.RELEASE\spring-boot-starter-web-1.5.8.RELEASE.jar;C:\Users\andre\.m2\repository\org\springframework\boot\spring-boot-starter-tomcat\1.5.8.RELEASE\spring-boot-starter-tomcat-1.5.8.RELEASE.jar;C:\Users\andre\.m2\repository\org\apache\tomcat\embed\tomcat-embed-core\8.5.23\tomcat-embed-core-8.5.23.jar;C:\Users\andre\.m2\repository\org\apache\tomcat\tomcat-annotations-api\8.5.23\tomcat-annotations-api-8.5.23.jar;C:\Users\andre\.m2\repository\org\apache\tomcat\embed\tomcat-embed-el\8.5.23\tomcat-embed-el-8.5.23.jar;C:\Users\andre\.m2\repository\org\apache\tomcat\embed\tomcat-embed-websocket\8.5.23\tomcat-embed-websocket-8.5.23.jar;C:\Users\andre\.m2\repository\org\hibernate\hibernate-validator\5.3.5.Final\hibernate-validator-5.3.5.Final.jar;C:\Users\andre\.m2\repository\javax\validation\validation-api\1.1.0.Final\validation-api-1.1.0.Final.jar;C:\Users\andre\.m2\repository\com\fasterxml\classmate\1.3.4\classmate-1.3.4.jar;C:\Users\andre\.m2\repository\org\springframework\spring-web\4.3.12.RELEASE\spring-web-4.3.12.RELEASE.jar;C:\Users\andre\.m2\repository\org\springframework\spring-webmvc\4.3.12.RELEASE\spring-webmvc-4.3.12.RELEASE.jar;C:\Users\andre\.m2\repository\org\springframework\spring-expression\4.3.12.RELEASE\spring-expression-4.3.12.RELEASE.jar;C:\Users\andre\.m2\repository\org\springframework\boot\spring-boot-starter-web-services\1.5.8.RELEASE\spring-boot-starter-web-services-1.5.8.RELEASE.jar;C:\Users\andre\.m2\repository\org\springframework\spring-oxm\4.3.12.RELEASE\spring-oxm-4.3.12.RELEASE.jar;C:\Users\andre\.m2\repository\org\springframework\ws\spring-ws-core\2.4.0.RELEASE\spring-ws-core-2.4.0.RELEASE.jar;C:\Users\andre\.m2\repository\org\springframework\ws\spring-xml\2.4.0.RELEASE\spring-xml-2.4.0.RELEASE.jar;C:\Users\andre\.m2\repository\mysql\mysql-connector-java\5.1.44\mysql-connector-java-5.1.44.jar;C:\Users\andre\.m2\repository\org\projectlombok\lombok\1.16.18\lombok-1.16.18.jar;C:\Users\andre\.m2\repository\org\springframework\boot\spring-boot-starter-test\1.5.8.RELEASE\spring-boot-starter-test-1.5.8.RELEASE.jar;C:\Users\andre\.m2\repository\org\springframework\boot\spring-boot-test\1.5.8.RELEASE\spring-boot-test-1.5.8.RELEASE.jar;C:\Users\andre\.m2\repository\org\springframework\boot\spring-boot-test-autoconfigure\1.5.8.RELEASE\spring-boot-test-autoconfigure-1.5.8.RELEASE.jar;C:\Users\andre\.m2\repository\com\jayway\jsonpath\json-path\2.2.0\json-path-2.2.0.jar;C:\Users\andre\.m2\repository\net\minidev\json-smart\2.2.1\json-smart-2.2.1.jar;C:\Users\andre\.m2\repository\net\minidev\accessors-smart\1.1\accessors-smart-1.1.jar;C:\Users\andre\.m2\repository\org\ow2\asm\asm\5.0.3\asm-5.0.3.jar;C:\Users\andre\.m2\repository\junit\junit\4.12\junit-4.12.jar;C:\Users\andre\.m2\repository\org\assertj\assertj-core\2.6.0\assertj-core-2.6.0.jar;C:\Users\andre\.m2\repository\org\mockito\mockito-core\1.10.19\mockito-core-1.10.19.jar;C:\Users\andre\.m2\repository\org\objenesis\objenesis\2.1\objenesis-2.1.jar;C:\Users\andre\.m2\repository\org\hamcrest\hamcrest-core\1.3\hamcrest-core-1.3.jar;C:\Users\andre\.m2\repository\org\hamcrest\hamcrest-library\1.3\hamcrest-library-1.3.jar;C:\Users\andre\.m2\repository\org\skyscreamer\jsonassert\1.4.0\jsonassert-1.4.0.jar;C:\Users\andre\.m2\repository\com\vaadin\external\google\android-json\0.0.20131108.vaadin1\android-json-0.0.20131108.vaadin1.jar;C:\Users\andre\.m2\repository\org\springframework\spring-core\4.3.12.RELEASE\spring-core-4.3.12.RELEASE.jar;C:\Users\andre\.m2\repository\org\springframework\spring-test\4.3.12.RELEASE\spring-test-4.3.12.RELEASE.jar;, user.name=andre, java.vm.specification.version=1.8, sun.java.command=C:\Users\andre\OneDrive\Netcracker\target\surefire\surefirebooter7917255089778496058.jar C:\Users\andre\OneDrive\Netcracker\target\surefire\surefire673008808997746948tmp C:\Users\andre\OneDrive\Netcracker\target\surefire\surefire_02758153930728726024tmp, java.home=C:\Program Files\Java\jdk1.8.0_152\jre, sun.arch.data.model=64, user.language=ru, java.specification.vendor=Oracle Corporation, awt.toolkit=sun.awt.windows.WToolkit, java.vm.info=mixed mode, java.version=1.8.0_152, java.ext.dirs=C:\Program Files\Java\jdk1.8.0_152\jre\lib\ext;C:\Windows\Sun\Java\lib\ext, sun.boot.class.path=C:\Program Files\Java\jdk1.8.0_152\jre\lib\resources.jar;C:\Program Files\Java\jdk1.8.0_152\jre\lib\rt.jar;C:\Program Files\Java\jdk1.8.0_152\jre\lib\sunrsasign.jar;C:\Program Files\Java\jdk1.8.0_152\jre\lib\jsse.jar;C:\Program Files\Java\jdk1.8.0_152\jre\lib\jce.jar;C:\Program Files\Java\jdk1.8.0_152\jre\lib\charsets.jar;C:\Program Files\Java\jdk1.8.0_152\jre\lib\jfr.jar;C:\Program Files\Java\jdk1.8.0_152\jre\classes, java.vendor=Oracle Corporation, localRepository=C:\Users\andre\.m2\repository, file.separator=\, java.vendor.url.bug=http://bugreport.sun.com/bugreport/, sun.io.unicode.encoding=UnicodeLittle, sun.cpu.endian=little, sun.desktop=windows, sun.cpu.isalist=amd64}}, SystemEnvironmentPropertySource@1991294891 {name='systemEnvironment', properties={PATH=C:\ProgramData\Oracle\Java\javapath;C:\Windows\system32;C:\Windows;C:\Windows\System32\Wbem;C:\Windows\System32\WindowsPowerShell\v1.0\;C:\Program Files (x86)\NVIDIA Corporation\PhysX\Common;C:\Program Files\MySQL\MySQL Utilities 1.6\;C:\Users\andre\AppData\Local\Microsoft\WindowsApps;, USERDOMAIN_ROAMINGPROFILE=DESKTOP-8VJ11EK, LOCALAPPDATA=C:\Users\andre\AppData\Local, PROCESSOR_LEVEL=6, SYSTEMDRIVE=C:, COMMONPROGRAMFILES(X86)=C:\Program Files (x86)\Common Files, USERDOMAIN=DESKTOP-8VJ11EK, FPS_BROWSER_APP_PROFILE_STRING=Internet Explorer, LOGONSERVER=\\DESKTOP-8VJ11EK, PROMPT=$P$G, SESSIONNAME=Console, ALLUSERSPROFILE=C:\ProgramData, PROGRAMFILES(X86)=C:\Program Files (x86), PROCESSOR_ARCHITECTURE=AMD64, PROGRAMFILES=C:\Program Files, =C:=C:\Users\andre\OneDrive\Netcracker, APPDATA=C:\Users\andre\AppData\Roaming, PSMODULEPATH=C:\Program Files\WindowsPowerShell\Modules;C:\Windows\system32\WindowsPowerShell\v1.0\Modules, PROGRAMW6432=C:\Program Files, PROGRAMDATA=C:\ProgramData, SYSTEMROOT=C:\Windows, USERNAME=andre, FPS_BROWSER_USER_PROFILE_STRING=Default, ONEDRIVE=C:\Users\andre\OneDrive, PATHEXT=.COM;.EXE;.BAT;.CMD;.VBS;.VBE;.JS;.JSE;.WSF;.WSH;.MSC, OS=Windows_NT, COMMONPROGRAMW6432=C:\Program Files\Common Files, COMPUTERNAME=DESKTOP-8VJ11EK, COMMONPROGRAMFILES=C:\Program Files\Common Files, COMSPEC=C:\Windows\system32\cmd.exe, PROCESSOR_REVISION=4501, WINDIR=C:\Windows, HOMEPATH=\Users\andre, TEMP=C:\Users\andre\AppData\Local\Temp, HOMEDRIVE=C:, PROCESSOR_IDENTIFIER=Intel64 Family 6 Model 69 Stepping 1, GenuineIntel, USERPROFILE=C:\Users\andre, TMP=C:\Users\andre\AppData\Local\Temp, PUBLIC=C:\Users\Public, NUMBER_OF_PROCESSORS=4, =::=::\}}]
23:19:07.666 [main] DEBUG org.springframework.core.io.support.PathMatchingResourcePatternResolver - Resolved classpath location [com/example/demo/] to resources [URL [file:/C:/Users/andre/OneDrive/Netcracker/target/test-classes/com/example/demo/], URL [file:/C:/Users/andre/OneDrive/Netcracker/target/classes/com/example/demo/]]
23:19:07.681 [main] DEBUG org.springframework.core.io.support.PathMatchingResourcePatternResolver - Looking for matching resources in directory tree [C:\Users\andre\OneDrive\Netcracker\target\test-classes\com\example\demo]
23:19:07.681 [main] DEBUG org.springframework.core.io.support.PathMatchingResourcePatternResolver - Searching directory [C:\Users\andre\OneDrive\Netcracker\target\test-classes\com\example\demo] for files matching pattern [C:/Users/andre/OneDrive/Netcracker/target/test-classes/com/example/demo/*.class]
23:19:07.681 [main] DEBUG org.springframework.core.io.support.PathMatchingResourcePatternResolver - Looking for matching resources in directory tree [C:\Users\andre\OneDrive\Netcracker\target\classes\com\example\demo]
23:19:07.681 [main] DEBUG org.springframework.core.io.support.PathMatchingResourcePatternResolver - Searching directory [C:\Users\andre\OneDrive\Netcracker\target\classes\com\example\demo] for files matching pattern [C:/Users/andre/OneDrive/Netcracker/target/classes/com/example/demo/*.class]
23:19:07.681 [main] DEBUG org.springframework.core.io.support.PathMatchingResourcePatternResolver - Resolved location pattern [classpath*:com/example/demo/*.class] to resources [file [C:\Users\andre\OneDrive\Netcracker\target\test-classes\com\example\demo\DemoApplicationTests.class], file [C:\Users\andre\OneDrive\Netcracker\target\classes\com\example\demo\DemoApplication.class], file [C:\Users\andre\OneDrive\Netcracker\target\classes\com\example\demo\flights.class], file [C:\Users\andre\OneDrive\Netcracker\target\classes\com\example\demo\flightsRepository.class], file [C:\Users\andre\OneDrive\Netcracker\target\classes\com\example\demo\passengers.class], file [C:\Users\andre\OneDrive\Netcracker\target\classes\com\example\demo\passengersRepository.class]]
23:19:07.900 [main] DEBUG org.springframework.context.annotation.ClassPathScanningCandidateComponentProvider - Identified candidate component class: file [C:\Users\andre\OneDrive\Netcracker\target\classes\com\example\demo\DemoApplication.class]
23:19:07.931 [main] INFO org.springframework.boot.test.context.SpringBootTestContextBootstrapper - Found @SpringBootConfiguration com.example.demo.DemoApplication for test class com.example.demo.DemoApplicationTests
23:19:07.947 [main] DEBUG org.springframework.boot.test.context.SpringBootTestContextBootstrapper - @TestExecutionListeners is not present for class [com.example.demo.DemoApplicationTests]: using defaults.
23:19:07.963 [main] INFO org.springframework.boot.test.context.SpringBootTestContextBootstrapper - Loaded default TestExecutionListener class names from location [META-INF/spring.factories]: [org.springframework.boot.test.mock.mockito.MockitoTestExecutionListener, org.springframework.boot.test.mock.mockito.ResetMocksTestExecutionListener, org.springframework.boot.test.autoconfigure.restdocs.RestDocsTestExecutionListener, org.springframework.boot.test.autoconfigure.web.client.MockRestServiceServerResetTestExecutionListener, org.springframework.boot.test.autoconfigure.web.servlet.MockMvcPrintOnlyOnFailureTestExecutionListener, org.springframework.boot.test.autoconfigure.web.servlet.WebDriverTestExecutionListener, org.springframework.test.context.web.ServletTestExecutionListener, org.springframework.test.context.support.DirtiesContextBeforeModesTestExecutionListener, org.springframework.test.context.support.DependencyInjectionTestExecutionListener, org.springframework.test.context.support.DirtiesContextTestExecutionListener, org.springframework.test.context.transaction.TransactionalTestExecutionListener, org.springframework.test.context.jdbc.SqlScriptsTestExecutionListener]
23:19:08.041 [main] INFO org.springframework.boot.test.context.SpringBootTestContextBootstrapper - Using TestExecutionListeners: [org.springframework.test.context.web.ServletTestExecutionListener@6b1274d2, org.springframework.test.context.support.DirtiesContextBeforeModesTestExecutionListener@7bc1a03d, org.springframework.boot.test.autoconfigure.SpringBootDependencyInjectionTestExecutionListener@70b0b186, org.springframework.test.context.support.DirtiesContextTestExecutionListener@ba8d91c, org.springframework.test.context.transaction.TransactionalTestExecutionListener@7364985f, org.springframework.test.context.jdbc.SqlScriptsTestExecutionListener@5d20e46, org.springframework.boot.test.autoconfigure.web.servlet.MockMvcPrintOnlyOnFailureTestExecutionListener@709ba3fb, org.springframework.boot.test.autoconfigure.web.servlet.WebDriverTestExecutionListener@3d36e4cd, org.springframework.boot.test.mock.mockito.MockitoTestExecutionListener@6a472554, org.springframework.boot.test.autoconfigure.restdocs.RestDocsTestExecutionListener@7ff2a664, org.springframework.boot.test.autoconfigure.web.client.MockRestServiceServerResetTestExecutionListener@525b461a, org.springframework.boot.test.mock.mockito.ResetMocksTestExecutionListener@58c1c010]
23:19:08.041 [main] DEBUG org.springframework.test.annotation.ProfileValueUtils - Retrieved @ProfileValueSourceConfiguration [null] for test class [com.example.demo.DemoApplicationTests]
23:19:08.041 [main] DEBUG org.springframework.test.annotation.ProfileValueUtils - Retrieved ProfileValueSource type [class org.springframework.test.annotation.SystemProfileValueSource] for class [com.example.demo.DemoApplicationTests]
23:19:08.041 [main] DEBUG org.springframework.test.context.junit4.SpringJUnit4ClassRunner - SpringJUnit4ClassRunner constructor called with [class com.example.demo.DemoApplicationTests]
23:19:08.041 [main] DEBUG org.springframework.test.context.BootstrapUtils - Instantiating CacheAwareContextLoaderDelegate from class [org.springframework.test.context.cache.DefaultCacheAwareContextLoaderDelegate]
23:19:08.041 [main] DEBUG org.springframework.test.context.BootstrapUtils - Instantiating BootstrapContext using constructor [public org.springframework.test.context.support.DefaultBootstrapContext(java.lang.Class,org.springframework.test.context.CacheAwareContextLoaderDelegate)]
23:19:08.041 [main] DEBUG org.springframework.test.context.BootstrapUtils - Instantiating TestContextBootstrapper for test class [com.example.demo.DemoApplicationTests] from class [org.springframework.boot.test.context.SpringBootTestContextBootstrapper]
23:19:08.056 [main] INFO org.springframework.boot.test.context.SpringBootTestContextBootstrapper - Neither @ContextConfiguration nor @ContextHierarchy found for test class [com.example.demo.DemoApplicationTests], using SpringBootContextLoader
23:19:08.056 [main] DEBUG org.springframework.test.context.support.AbstractContextLoader - Did not detect default resource location for test class [com.example.demo.DemoApplicationTests]: class path resource [com/example/demo/DemoApplicationTests-context.xml] does not exist
23:19:08.056 [main] DEBUG org.springframework.test.context.support.AbstractContextLoader - Did not detect default resource location for test class [com.example.demo.DemoApplicationTests]: class path resource [com/example/demo/DemoApplicationTestsContext.groovy] does not exist
23:19:08.056 [main] INFO org.springframework.test.context.support.AbstractContextLoader - Could not detect default resource locations for test class [com.example.demo.DemoApplicationTests]: no resource found for suffixes {-context.xml, Context.groovy}.
23:19:08.056 [main] INFO org.springframework.test.context.support.AnnotationConfigContextLoaderUtils - Could not detect default configuration classes for test class [com.example.demo.DemoApplicationTests]: DemoApplicationTests does not declare any static, non-private, non-final, nested classes annotated with @Configuration.
23:19:08.072 [main] DEBUG org.springframework.test.context.support.ActiveProfilesUtils - Could not find an 'annotation declaring class' for annotation type [org.springframework.test.context.ActiveProfiles] and class [com.example.demo.DemoApplicationTests]
23:19:08.072 [main] DEBUG org.springframework.core.env.StandardEnvironment - Adding PropertySource 'systemProperties' with lowest search precedence
23:19:08.072 [main] DEBUG org.springframework.core.env.StandardEnvironment - Adding PropertySource 'systemEnvironment' with lowest search precedence
23:19:08.072 [main] DEBUG org.springframework.core.env.StandardEnvironment - Initialized StandardEnvironment with PropertySources [MapPropertySource@1997287019 {name='systemProperties', properties={idea.version=2017.2.6, java.runtime.name=Java(TM) SE Runtime Environment, sun.boot.library.path=C:\Program Files\Java\jdk1.8.0_152\jre\bin, java.vm.version=25.152-b16, java.vm.vendor=Oracle Corporation, java.vendor.url=http://java.oracle.com/, path.separator=;, java.vm.name=Java HotSpot(TM) 64-Bit Server VM, file.encoding.pkg=sun.io, user.country=RU, user.script=, sun.java.launcher=SUN_STANDARD, sun.os.patch.level=, java.vm.specification.name=Java Virtual Machine Specification, user.dir=C:\Users\andre\OneDrive\Netcracker, java.runtime.version=1.8.0_152-b16, basedir=C:\Users\andre\OneDrive\Netcracker, java.awt.graphicsenv=sun.awt.Win32GraphicsEnvironment, java.endorsed.dirs=C:\Program Files\Java\jdk1.8.0_152\jre\lib\endorsed, os.arch=amd64, surefire.real.class.path=C:\Users\andre\OneDrive\Netcracker\target\surefire\surefirebooter7917255089778496058.jar, java.io.tmpdir=C:\Users\andre\AppData\Local\Temp\, line.separator=
, java.vm.specification.vendor=Oracle Corporation, user.variant=, os.name=Windows 10, sun.jnu.encoding=Cp1251, java.library.path=C:\Program Files\Java\jdk1.8.0_152\jre\bin;C:\Windows\Sun\Java\bin;C:\Windows\system32;C:\Windows;C:\ProgramData\Oracle\Java\javapath;C:\Windows\system32;C:\Windows;C:\Windows\System32\Wbem;C:\Windows\System32\WindowsPowerShell\v1.0\;C:\Program Files (x86)\NVIDIA Corporation\PhysX\Common;C:\Program Files\MySQL\MySQL Utilities 1.6\;C:\Users\andre\AppData\Local\Microsoft\WindowsApps;;., surefire.test.class.path=C:\Users\andre\OneDrive\Netcracker\target\test-classes;C:\Users\andre\OneDrive\Netcracker\target\classes;C:\Users\andre\.m2\repository\org\springframework\boot\spring-boot-starter-data-jpa\1.5.8.RELEASE\spring-boot-starter-data-jpa-1.5.8.RELEASE.jar;C:\Users\andre\.m2\repository\org\springframework\boot\spring-boot-starter\1.5.8.RELEASE\spring-boot-starter-1.5.8.RELEASE.jar;C:\Users\andre\.m2\repository\org\springframework\boot\spring-boot\1.5.8.RELEASE\spring-boot-1.5.8.RELEASE.jar;C:\Users\andre\.m2\repository\org\springframework\boot\spring-boot-autoconfigure\1.5.8.RELEASE\spring-boot-autoconfigure-1.5.8.RELEASE.jar;C:\Users\andre\.m2\repository\org\springframework\boot\spring-boot-starter-logging\1.5.8.RELEASE\spring-boot-starter-logging-1.5.8.RELEASE.jar;C:\Users\andre\.m2\repository\ch\qos\logback\logback-classic\1.1.11\logback-classic-1.1.11.jar;C:\Users\andre\.m2\repository\ch\qos\logback\logback-core\1.1.11\logback-core-1.1.11.jar;C:\Users\andre\.m2\repository\org\slf4j\jul-to-slf4j\1.7.25\jul-to-slf4j-1.7.25.jar;C:\Users\andre\.m2\repository\org\slf4j\log4j-over-slf4j\1.7.25\log4j-over-slf4j-1.7.25.jar;C:\Users\andre\.m2\repository\org\yaml\snakeyaml\1.17\snakeyaml-1.17.jar;C:\Users\andre\.m2\repository\org\springframework\boot\spring-boot-starter-aop\1.5.8.RELEASE\spring-boot-starter-aop-1.5.8.RELEASE.jar;C:\Users\andre\.m2\repository\org\springframework\spring-aop\4.3.12.RELEASE\spring-aop-4.3.12.RELEASE.jar;C:\Users\andre\.m2\repository\org\aspectj\aspectjweaver\1.8.11\aspectjweaver-1.8.11.jar;C:\Users\andre\.m2\repository\org\springframework\boot\spring-boot-starter-jdbc\1.5.8.RELEASE\spring-boot-starter-jdbc-1.5.8.RELEASE.jar;C:\Users\andre\.m2\repository\org\apache\tomcat\tomcat-jdbc\8.5.23\tomcat-jdbc-8.5.23.jar;C:\Users\andre\.m2\repository\org\apache\tomcat\tomcat-juli\8.5.23\tomcat-juli-8.5.23.jar;C:\Users\andre\.m2\repository\org\springframework\spring-jdbc\4.3.12.RELEASE\spring-jdbc-4.3.12.RELEASE.jar;C:\Users\andre\.m2\repository\org\hibernate\hibernate-core\5.0.12.Final\hibernate-core-5.0.12.Final.jar;C:\Users\andre\.m2\repository\org\jboss\logging\jboss-logging\3.3.1.Final\jboss-logging-3.3.1.Final.jar;C:\Users\andre\.m2\repository\org\hibernate\javax\persistence\hibernate-jpa-2.1-api\1.0.0.Final\hibernate-jpa-2.1-api-1.0.0.Final.jar;C:\Users\andre\.m2\repository\org\javassist\javassist\3.21.0-GA\javassist-3.21.0-GA.jar;C:\Users\andre\.m2\repository\antlr\antlr\2.7.7\antlr-2.7.7.jar;C:\Users\andre\.m2\repository\org\jboss\jandex\2.0.0.Final\jandex-2.0.0.Final.jar;C:\Users\andre\.m2\repository\dom4j\dom4j\1.6.1\dom4j-1.6.1.jar;C:\Users\andre\.m2\repository\org\hibernate\common\hibernate-commons-annotations\5.0.1.Final\hibernate-commons-annotations-5.0.1.Final.jar;C:\Users\andre\.m2\repository\org\hibernate\hibernate-entitymanager\5.0.12.Final\hibernate-entitymanager-5.0.12.Final.jar;C:\Users\andre\.m2\repository\javax\transaction\javax.transaction-api\1.2\javax.transaction-api-1.2.jar;C:\Users\andre\.m2\repository\org\springframework\data\spring-data-jpa\1.11.8.RELEASE\spring-data-jpa-1.11.8.RELEASE.jar;C:\Users\andre\.m2\repository\org\springframework\data\spring-data-commons\1.13.8.RELEASE\spring-data-commons-1.13.8.RELEASE.jar;C:\Users\andre\.m2\repository\org\springframework\spring-orm\4.3.12.RELEASE\spring-orm-4.3.12.RELEASE.jar;C:\Users\andre\.m2\repository\org\springframework\spring-context\4.3.12.RELEASE\spring-context-4.3.12.RELEASE.jar;C:\Users\andre\.m2\repository\org\springframework\spring-tx\4.3.12.RELEASE\spring-tx-4.3.12.RELEASE.jar;C:\Users\andre\.m2\repository\org\springframework\spring-beans\4.3.12.RELEASE\spring-beans-4.3.12.RELEASE.jar;C:\Users\andre\.m2\repository\org\slf4j\slf4j-api\1.7.25\slf4j-api-1.7.25.jar;C:\Users\andre\.m2\repository\org\slf4j\jcl-over-slf4j\1.7.25\jcl-over-slf4j-1.7.25.jar;C:\Users\andre\.m2\repository\org\springframework\spring-aspects\4.3.12.RELEASE\spring-aspects-4.3.12.RELEASE.jar;C:\Users\andre\.m2\repository\org\springframework\boot\spring-boot-starter-data-rest\1.5.8.RELEASE\spring-boot-starter-data-rest-1.5.8.RELEASE.jar;C:\Users\andre\.m2\repository\com\fasterxml\jackson\core\jackson-annotations\2.8.0\jackson-annotations-2.8.0.jar;C:\Users\andre\.m2\repository\com\fasterxml\jackson\core\jackson-databind\2.8.10\jackson-databind-2.8.10.jar;C:\Users\andre\.m2\repository\com\fasterxml\jackson\core\jackson-core\2.8.10\jackson-core-2.8.10.jar;C:\Users\andre\.m2\repository\org\springframework\data\spring-data-rest-webmvc\2.6.8.RELEASE\spring-data-rest-webmvc-2.6.8.RELEASE.jar;C:\Users\andre\.m2\repository\org\springframework\data\spring-data-rest-core\2.6.8.RELEASE\spring-data-rest-core-2.6.8.RELEASE.jar;C:\Users\andre\.m2\repository\org\springframework\hateoas\spring-hateoas\0.23.0.RELEASE\spring-hateoas-0.23.0.RELEASE.jar;C:\Users\andre\.m2\repository\org\springframework\plugin\spring-plugin-core\1.2.0.RELEASE\spring-plugin-core-1.2.0.RELEASE.jar;C:\Users\andre\.m2\repository\org\atteo\evo-inflector\1.2.2\evo-inflector-1.2.2.jar;C:\Users\andre\.m2\repository\org\springframework\boot\spring-boot-starter-thymeleaf\1.5.8.RELEASE\spring-boot-starter-thymeleaf-1.5.8.RELEASE.jar;C:\Users\andre\.m2\repository\org\thymeleaf\thymeleaf-spring4\2.1.5.RELEASE\thymeleaf-spring4-2.1.5.RELEASE.jar;C:\Users\andre\.m2\repository\org\thymeleaf\thymeleaf\2.1.5.RELEASE\thymeleaf-2.1.5.RELEASE.jar;C:\Users\andre\.m2\repository\ognl\ognl\3.0.8\ognl-3.0.8.jar;C:\Users\andre\.m2\repository\org\unbescape\unbescape\1.1.0.RELEASE\unbescape-1.1.0.RELEASE.jar;C:\Users\andre\.m2\repository\nz\net\ultraq\thymeleaf\thymeleaf-layout-dialect\1.4.0\thymeleaf-layout-dialect-1.4.0.jar;C:\Users\andre\.m2\repository\org\codehaus\groovy\groovy\2.4.12\groovy-2.4.12.jar;C:\Users\andre\.m2\repository\org\springframework\boot\spring-boot-starter-web\1.5.8.RELEASE\spring-boot-starter-web-1.5.8.RELEASE.jar;C:\Users\andre\.m2\repository\org\springframework\boot\spring-boot-starter-tomcat\1.5.8.RELEASE\spring-boot-starter-tomcat-1.5.8.RELEASE.jar;C:\Users\andre\.m2\repository\org\apache\tomcat\embed\tomcat-embed-core\8.5.23\tomcat-embed-core-8.5.23.jar;C:\Users\andre\.m2\repository\org\apache\tomcat\tomcat-annotations-api\8.5.23\tomcat-annotations-api-8.5.23.jar;C:\Users\andre\.m2\repository\org\apache\tomcat\embed\tomcat-embed-el\8.5.23\tomcat-embed-el-8.5.23.jar;C:\Users\andre\.m2\repository\org\apache\tomcat\embed\tomcat-embed-websocket\8.5.23\tomcat-embed-websocket-8.5.23.jar;C:\Users\andre\.m2\repository\org\hibernate\hibernate-validator\5.3.5.Final\hibernate-validator-5.3.5.Final.jar;C:\Users\andre\.m2\repository\javax\validation\validation-api\1.1.0.Final\validation-api-1.1.0.Final.jar;C:\Users\andre\.m2\repository\com\fasterxml\classmate\1.3.4\classmate-1.3.4.jar;C:\Users\andre\.m2\repository\org\springframework\spring-web\4.3.12.RELEASE\spring-web-4.3.12.RELEASE.jar;C:\Users\andre\.m2\repository\org\springframework\spring-webmvc\4.3.12.RELEASE\spring-webmvc-4.3.12.RELEASE.jar;C:\Users\andre\.m2\repository\org\springframework\spring-expression\4.3.12.RELEASE\spring-expression-4.3.12.RELEASE.jar;C:\Users\andre\.m2\repository\org\springframework\boot\spring-boot-starter-web-services\1.5.8.RELEASE\spring-boot-starter-web-services-1.5.8.RELEASE.jar;C:\Users\andre\.m2\repository\org\springframework\spring-oxm\4.3.12.RELEASE\spring-oxm-4.3.12.RELEASE.jar;C:\Users\andre\.m2\repository\org\springframework\ws\spring-ws-core\2.4.0.RELEASE\spring-ws-core-2.4.0.RELEASE.jar;C:\Users\andre\.m2\repository\org\springframework\ws\spring-xml\2.4.0.RELEASE\spring-xml-2.4.0.RELEASE.jar;C:\Users\andre\.m2\repository\mysql\mysql-connector-java\5.1.44\mysql-connector-java-5.1.44.jar;C:\Users\andre\.m2\repository\org\projectlombok\lombok\1.16.18\lombok-1.16.18.jar;C:\Users\andre\.m2\repository\org\springframework\boot\spring-boot-starter-test\1.5.8.RELEASE\spring-boot-starter-test-1.5.8.RELEASE.jar;C:\Users\andre\.m2\repository\org\springframework\boot\spring-boot-test\1.5.8.RELEASE\spring-boot-test-1.5.8.RELEASE.jar;C:\Users\andre\.m2\repository\org\springframework\boot\spring-boot-test-autoconfigure\1.5.8.RELEASE\spring-boot-test-autoconfigure-1.5.8.RELEASE.jar;C:\Users\andre\.m2\repository\com\jayway\jsonpath\json-path\2.2.0\json-path-2.2.0.jar;C:\Users\andre\.m2\repository\net\minidev\json-smart\2.2.1\json-smart-2.2.1.jar;C:\Users\andre\.m2\repository\net\minidev\accessors-smart\1.1\accessors-smart-1.1.jar;C:\Users\andre\.m2\repository\org\ow2\asm\asm\5.0.3\asm-5.0.3.jar;C:\Users\andre\.m2\repository\junit\junit\4.12\junit-4.12.jar;C:\Users\andre\.m2\repository\org\assertj\assertj-core\2.6.0\assertj-core-2.6.0.jar;C:\Users\andre\.m2\repository\org\mockito\mockito-core\1.10.19\mockito-core-1.10.19.jar;C:\Users\andre\.m2\repository\org\objenesis\objenesis\2.1\objenesis-2.1.jar;C:\Users\andre\.m2\repository\org\hamcrest\hamcrest-core\1.3\hamcrest-core-1.3.jar;C:\Users\andre\.m2\repository\org\hamcrest\hamcrest-library\1.3\hamcrest-library-1.3.jar;C:\Users\andre\.m2\repository\org\skyscreamer\jsonassert\1.4.0\jsonassert-1.4.0.jar;C:\Users\andre\.m2\repository\com\vaadin\external\google\android-json\0.0.20131108.vaadin1\android-json-0.0.20131108.vaadin1.jar;C:\Users\andre\.m2\repository\org\springframework\spring-core\4.3.12.RELEASE\spring-core-4.3.12.RELEASE.jar;C:\Users\andre\.m2\repository\org\springframework\spring-test\4.3.12.RELEASE\spring-test-4.3.12.RELEASE.jar;, java.specification.name=Java Platform API Specification, java.class.version=52.0, sun.management.compiler=HotSpot 64-Bit Tiered Compilers, os.version=10.0, user.home=C:\Users\andre, user.timezone=Europe/Samara, java.awt.printerjob=sun.awt.windows.WPrinterJob, file.encoding=Cp1251, java.specification.version=1.8, java.class.path=C:\Users\andre\OneDrive\Netcracker\target\test-classes;C:\Users\andre\OneDrive\Netcracker\target\classes;C:\Users\andre\.m2\repository\org\springframework\boot\spring-boot-starter-data-jpa\1.5.8.RELEASE\spring-boot-starter-data-jpa-1.5.8.RELEASE.jar;C:\Users\andre\.m2\repository\org\springframework\boot\spring-boot-starter\1.5.8.RELEASE\spring-boot-starter-1.5.8.RELEASE.jar;C:\Users\andre\.m2\repository\org\springframework\boot\spring-boot\1.5.8.RELEASE\spring-boot-1.5.8.RELEASE.jar;C:\Users\andre\.m2\repository\org\springframework\boot\spring-boot-autoconfigure\1.5.8.RELEASE\spring-boot-autoconfigure-1.5.8.RELEASE.jar;C:\Users\andre\.m2\repository\org\springframework\boot\spring-boot-starter-logging\1.5.8.RELEASE\spring-boot-starter-logging-1.5.8.RELEASE.jar;C:\Users\andre\.m2\repository\ch\qos\logback\logback-classic\1.1.11\logback-classic-1.1.11.jar;C:\Users\andre\.m2\repository\ch\qos\logback\logback-core\1.1.11\logback-core-1.1.11.jar;C:\Users\andre\.m2\repository\org\slf4j\jul-to-slf4j\1.7.25\jul-to-slf4j-1.7.25.jar;C:\Users\andre\.m2\repository\org\slf4j\log4j-over-slf4j\1.7.25\log4j-over-slf4j-1.7.25.jar;C:\Users\andre\.m2\repository\org\yaml\snakeyaml\1.17\snakeyaml-1.17.jar;C:\Users\andre\.m2\repository\org\springframework\boot\spring-boot-starter-aop\1.5.8.RELEASE\spring-boot-starter-aop-1.5.8.RELEASE.jar;C:\Users\andre\.m2\repository\org\springframework\spring-aop\4.3.12.RELEASE\spring-aop-4.3.12.RELEASE.jar;C:\Users\andre\.m2\repository\org\aspectj\aspectjweaver\1.8.11\aspectjweaver-1.8.11.jar;C:\Users\andre\.m2\repository\org\springframework\boot\spring-boot-starter-jdbc\1.5.8.RELEASE\spring-boot-starter-jdbc-1.5.8.RELEASE.jar;C:\Users\andre\.m2\repository\org\apache\tomcat\tomcat-jdbc\8.5.23\tomcat-jdbc-8.5.23.jar;C:\Users\andre\.m2\repository\org\apache\tomcat\tomcat-juli\8.5.23\tomcat-juli-8.5.23.jar;C:\Users\andre\.m2\repository\org\springframework\spring-jdbc\4.3.12.RELEASE\spring-jdbc-4.3.12.RELEASE.jar;C:\Users\andre\.m2\repository\org\hibernate\hibernate-core\5.0.12.Final\hibernate-core-5.0.12.Final.jar;C:\Users\andre\.m2\repository\org\jboss\logging\jboss-logging\3.3.1.Final\jboss-logging-3.3.1.Final.jar;C:\Users\andre\.m2\repository\org\hibernate\javax\persistence\hibernate-jpa-2.1-api\1.0.0.Final\hibernate-jpa-2.1-api-1.0.0.Final.jar;C:\Users\andre\.m2\repository\org\javassist\javassist\3.21.0-GA\javassist-3.21.0-GA.jar;C:\Users\andre\.m2\repository\antlr\antlr\2.7.7\antlr-2.7.7.jar;C:\Users\andre\.m2\repository\org\jboss\jandex\2.0.0.Final\jandex-2.0.0.Final.jar;C:\Users\andre\.m2\repository\dom4j\dom4j\1.6.1\dom4j-1.6.1.jar;C:\Users\andre\.m2\repository\org\hibernate\common\hibernate-commons-annotations\5.0.1.Final\hibernate-commons-annotations-5.0.1.Final.jar;C:\Users\andre\.m2\repository\org\hibernate\hibernate-entitymanager\5.0.12.Final\hibernate-entitymanager-5.0.12.Final.jar;C:\Users\andre\.m2\repository\javax\transaction\javax.transaction-api\1.2\javax.transaction-api-1.2.jar;C:\Users\andre\.m2\repository\org\springframework\data\spring-data-jpa\1.11.8.RELEASE\spring-data-jpa-1.11.8.RELEASE.jar;C:\Users\andre\.m2\repository\org\springframework\data\spring-data-commons\1.13.8.RELEASE\spring-data-commons-1.13.8.RELEASE.jar;C:\Users\andre\.m2\repository\org\springframework\spring-orm\4.3.12.RELEASE\spring-orm-4.3.12.RELEASE.jar;C:\Users\andre\.m2\repository\org\springframework\spring-context\4.3.12.RELEASE\spring-context-4.3.12.RELEASE.jar;C:\Users\andre\.m2\repository\org\springframework\spring-tx\4.3.12.RELEASE\spring-tx-4.3.12.RELEASE.jar;C:\Users\andre\.m2\repository\org\springframework\spring-beans\4.3.12.RELEASE\spring-beans-4.3.12.RELEASE.jar;C:\Users\andre\.m2\repository\org\slf4j\slf4j-api\1.7.25\slf4j-api-1.7.25.jar;C:\Users\andre\.m2\repository\org\slf4j\jcl-over-slf4j\1.7.25\jcl-over-slf4j-1.7.25.jar;C:\Users\andre\.m2\repository\org\springframework\spring-aspects\4.3.12.RELEASE\spring-aspects-4.3.12.RELEASE.jar;C:\Users\andre\.m2\repository\org\springframework\boot\spring-boot-starter-data-rest\1.5.8.RELEASE\spring-boot-starter-data-rest-1.5.8.RELEASE.jar;C:\Users\andre\.m2\repository\com\fasterxml\jackson\core\jackson-annotations\2.8.0\jackson-annotations-2.8.0.jar;C:\Users\andre\.m2\repository\com\fasterxml\jackson\core\jackson-databind\2.8.10\jackson-databind-2.8.10.jar;C:\Users\andre\.m2\repository\com\fasterxml\jackson\core\jackson-core\2.8.10\jackson-core-2.8.10.jar;C:\Users\andre\.m2\repository\org\springframework\data\spring-data-rest-webmvc\2.6.8.RELEASE\spring-data-rest-webmvc-2.6.8.RELEASE.jar;C:\Users\andre\.m2\repository\org\springframework\data\spring-data-rest-core\2.6.8.RELEASE\spring-data-rest-core-2.6.8.RELEASE.jar;C:\Users\andre\.m2\repository\org\springframework\hateoas\spring-hateoas\0.23.0.RELEASE\spring-hateoas-0.23.0.RELEASE.jar;C:\Users\andre\.m2\repository\org\springframework\plugin\spring-plugin-core\1.2.0.RELEASE\spring-plugin-core-1.2.0.RELEASE.jar;C:\Users\andre\.m2\repository\org\atteo\evo-inflector\1.2.2\evo-inflector-1.2.2.jar;C:\Users\andre\.m2\repository\org\springframework\boot\spring-boot-starter-thymeleaf\1.5.8.RELEASE\spring-boot-starter-thymeleaf-1.5.8.RELEASE.jar;C:\Users\andre\.m2\repository\org\thymeleaf\thymeleaf-spring4\2.1.5.RELEASE\thymeleaf-spring4-2.1.5.RELEASE.jar;C:\Users\andre\.m2\repository\org\thymeleaf\thymeleaf\2.1.5.RELEASE\thymeleaf-2.1.5.RELEASE.jar;C:\Users\andre\.m2\repository\ognl\ognl\3.0.8\ognl-3.0.8.jar;C:\Users\andre\.m2\repository\org\unbescape\unbescape\1.1.0.RELEASE\unbescape-1.1.0.RELEASE.jar;C:\Users\andre\.m2\repository\nz\net\ultraq\thymeleaf\thymeleaf-layout-dialect\1.4.0\thymeleaf-layout-dialect-1.4.0.jar;C:\Users\andre\.m2\repository\org\codehaus\groovy\groovy\2.4.12\groovy-2.4.12.jar;C:\Users\andre\.m2\repository\org\springframework\boot\spring-boot-starter-web\1.5.8.RELEASE\spring-boot-starter-web-1.5.8.RELEASE.jar;C:\Users\andre\.m2\repository\org\springframework\boot\spring-boot-starter-tomcat\1.5.8.RELEASE\spring-boot-starter-tomcat-1.5.8.RELEASE.jar;C:\Users\andre\.m2\repository\org\apache\tomcat\embed\tomcat-embed-core\8.5.23\tomcat-embed-core-8.5.23.jar;C:\Users\andre\.m2\repository\org\apache\tomcat\tomcat-annotations-api\8.5.23\tomcat-annotations-api-8.5.23.jar;C:\Users\andre\.m2\repository\org\apache\tomcat\embed\tomcat-embed-el\8.5.23\tomcat-embed-el-8.5.23.jar;C:\Users\andre\.m2\repository\org\apache\tomcat\embed\tomcat-embed-websocket\8.5.23\tomcat-embed-websocket-8.5.23.jar;C:\Users\andre\.m2\repository\org\hibernate\hibernate-validator\5.3.5.Final\hibernate-validator-5.3.5.Final.jar;C:\Users\andre\.m2\repository\javax\validation\validation-api\1.1.0.Final\validation-api-1.1.0.Final.jar;C:\Users\andre\.m2\repository\com\fasterxml\classmate\1.3.4\classmate-1.3.4.jar;C:\Users\andre\.m2\repository\org\springframework\spring-web\4.3.12.RELEASE\spring-web-4.3.12.RELEASE.jar;C:\Users\andre\.m2\repository\org\springframework\spring-webmvc\4.3.12.RELEASE\spring-webmvc-4.3.12.RELEASE.jar;C:\Users\andre\.m2\repository\org\springframework\spring-expression\4.3.12.RELEASE\spring-expression-4.3.12.RELEASE.jar;C:\Users\andre\.m2\repository\org\springframework\boot\spring-boot-starter-web-services\1.5.8.RELEASE\spring-boot-starter-web-services-1.5.8.RELEASE.jar;C:\Users\andre\.m2\repository\org\springframework\spring-oxm\4.3.12.RELEASE\spring-oxm-4.3.12.RELEASE.jar;C:\Users\andre\.m2\repository\org\springframework\ws\spring-ws-core\2.4.0.RELEASE\spring-ws-core-2.4.0.RELEASE.jar;C:\Users\andre\.m2\repository\org\springframework\ws\spring-xml\2.4.0.RELEASE\spring-xml-2.4.0.RELEASE.jar;C:\Users\andre\.m2\repository\mysql\mysql-connector-java\5.1.44\mysql-connector-java-5.1.44.jar;C:\Users\andre\.m2\repository\org\projectlombok\lombok\1.16.18\lombok-1.16.18.jar;C:\Users\andre\.m2\repository\org\springframework\boot\spring-boot-starter-test\1.5.8.RELEASE\spring-boot-starter-test-1.5.8.RELEASE.jar;C:\Users\andre\.m2\repository\org\springframework\boot\spring-boot-test\1.5.8.RELEASE\spring-boot-test-1.5.8.RELEASE.jar;C:\Users\andre\.m2\repository\org\springframework\boot\spring-boot-test-autoconfigure\1.5.8.RELEASE\spring-boot-test-autoconfigure-1.5.8.RELEASE.jar;C:\Users\andre\.m2\repository\com\jayway\jsonpath\json-path\2.2.0\json-path-2.2.0.jar;C:\Users\andre\.m2\repository\net\minidev\json-smart\2.2.1\json-smart-2.2.1.jar;C:\Users\andre\.m2\repository\net\minidev\accessors-smart\1.1\accessors-smart-1.1.jar;C:\Users\andre\.m2\repository\org\ow2\asm\asm\5.0.3\asm-5.0.3.jar;C:\Users\andre\.m2\repository\junit\junit\4.12\junit-4.12.jar;C:\Users\andre\.m2\repository\org\assertj\assertj-core\2.6.0\assertj-core-2.6.0.jar;C:\Users\andre\.m2\repository\org\mockito\mockito-core\1.10.19\mockito-core-1.10.19.jar;C:\Users\andre\.m2\repository\org\objenesis\objenesis\2.1\objenesis-2.1.jar;C:\Users\andre\.m2\repository\org\hamcrest\hamcrest-core\1.3\hamcrest-core-1.3.jar;C:\Users\andre\.m2\repository\org\hamcrest\hamcrest-library\1.3\hamcrest-library-1.3.jar;C:\Users\andre\.m2\repository\org\skyscreamer\jsonassert\1.4.0\jsonassert-1.4.0.jar;C:\Users\andre\.m2\repository\com\vaadin\external\google\android-json\0.0.20131108.vaadin1\android-json-0.0.20131108.vaadin1.jar;C:\Users\andre\.m2\repository\org\springframework\spring-core\4.3.12.RELEASE\spring-core-4.3.12.RELEASE.jar;C:\Users\andre\.m2\repository\org\springframework\spring-test\4.3.12.RELEASE\spring-test-4.3.12.RELEASE.jar;, user.name=andre, java.vm.specification.version=1.8, sun.java.command=C:\Users\andre\OneDrive\Netcracker\target\surefire\surefirebooter7917255089778496058.jar C:\Users\andre\OneDrive\Netcracker\target\surefire\surefire673008808997746948tmp C:\Users\andre\OneDrive\Netcracker\target\surefire\surefire_02758153930728726024tmp, java.home=C:\Program Files\Java\jdk1.8.0_152\jre, sun.arch.data.model=64, user.language=ru, java.specification.vendor=Oracle Corporation, awt.toolkit=sun.awt.windows.WToolkit, java.vm.info=mixed mode, java.version=1.8.0_152, java.ext.dirs=C:\Program Files\Java\jdk1.8.0_152\jre\lib\ext;C:\Windows\Sun\Java\lib\ext, sun.boot.class.path=C:\Program Files\Java\jdk1.8.0_152\jre\lib\resources.jar;C:\Program Files\Java\jdk1.8.0_152\jre\lib\rt.jar;C:\Program Files\Java\jdk1.8.0_152\jre\lib\sunrsasign.jar;C:\Program Files\Java\jdk1.8.0_152\jre\lib\jsse.jar;C:\Program Files\Java\jdk1.8.0_152\jre\lib\jce.jar;C:\Program Files\Java\jdk1.8.0_152\jre\lib\charsets.jar;C:\Program Files\Java\jdk1.8.0_152\jre\lib\jfr.jar;C:\Program Files\Java\jdk1.8.0_152\jre\classes, java.vendor=Oracle Corporation, localRepository=C:\Users\andre\.m2\repository, file.separator=\, java.vendor.url.bug=http://bugreport.sun.com/bugreport/, sun.io.unicode.encoding=UnicodeLittle, sun.cpu.endian=little, sun.desktop=windows, sun.cpu.isalist=amd64}}, SystemEnvironmentPropertySource@436546048 {name='systemEnvironment', properties={PATH=C:\ProgramData\Oracle\Java\javapath;C:\Windows\system32;C:\Windows;C:\Windows\System32\Wbem;C:\Windows\System32\WindowsPowerShell\v1.0\;C:\Program Files (x86)\NVIDIA Corporation\PhysX\Common;C:\Program Files\MySQL\MySQL Utilities 1.6\;C:\Users\andre\AppData\Local\Microsoft\WindowsApps;, USERDOMAIN_ROAMINGPROFILE=DESKTOP-8VJ11EK, LOCALAPPDATA=C:\Users\andre\AppData\Local, PROCESSOR_LEVEL=6, SYSTEMDRIVE=C:, COMMONPROGRAMFILES(X86)=C:\Program Files (x86)\Common Files, USERDOMAIN=DESKTOP-8VJ11EK, FPS_BROWSER_APP_PROFILE_STRING=Internet Explorer, LOGONSERVER=\\DESKTOP-8VJ11EK, PROMPT=$P$G, SESSIONNAME=Console, ALLUSERSPROFILE=C:\ProgramData, PROGRAMFILES(X86)=C:\Program Files (x86), PROCESSOR_ARCHITECTURE=AMD64, PROGRAMFILES=C:\Program Files, =C:=C:\Users\andre\OneDrive\Netcracker, APPDATA=C:\Users\andre\AppData\Roaming, PSMODULEPATH=C:\Program Files\WindowsPowerShell\Modules;C:\Windows\system32\WindowsPowerShell\v1.0\Modules, PROGRAMW6432=C:\Program Files, PROGRAMDATA=C:\ProgramData, SYSTEMROOT=C:\Windows, USERNAME=andre, FPS_BROWSER_USER_PROFILE_STRING=Default, ONEDRIVE=C:\Users\andre\OneDrive, PATHEXT=.COM;.EXE;.BAT;.CMD;.VBS;.VBE;.JS;.JSE;.WSF;.WSH;.MSC, OS=Windows_NT, COMMONPROGRAMW6432=C:\Program Files\Common Files, COMPUTERNAME=DESKTOP-8VJ11EK, COMMONPROGRAMFILES=C:\Program Files\Common Files, COMSPEC=C:\Windows\system32\cmd.exe, PROCESSOR_REVISION=4501, WINDIR=C:\Windows, HOMEPATH=\Users\andre, TEMP=C:\Users\andre\AppData\Local\Temp, HOMEDRIVE=C:, PROCESSOR_IDENTIFIER=Intel64 Family 6 Model 69 Stepping 1, GenuineIntel, USERPROFILE=C:\Users\andre, TMP=C:\Users\andre\AppData\Local\Temp, PUBLIC=C:\Users\Public, NUMBER_OF_PROCESSORS=4, =::=::\}}]
23:19:08.088 [main] INFO org.springframework.boot.test.context.SpringBootTestContextBootstrapper - Found @SpringBootConfiguration com.example.demo.DemoApplication for test class com.example.demo.DemoApplicationTests
23:19:08.088 [main] DEBUG org.springframework.boot.test.context.SpringBootTestContextBootstrapper - @TestExecutionListeners is not present for class [com.example.demo.DemoApplicationTests]: using defaults.
23:19:08.103 [main] INFO org.springframework.boot.test.context.SpringBootTestContextBootstrapper - Loaded default TestExecutionListener class names from location [META-INF/spring.factories]: [org.springframework.boot.test.mock.mockito.MockitoTestExecutionListener, org.springframework.boot.test.mock.mockito.ResetMocksTestExecutionListener, org.springframework.boot.test.autoconfigure.restdocs.RestDocsTestExecutionListener, org.springframework.boot.test.autoconfigure.web.client.MockRestServiceServerResetTestExecutionListener, org.springframework.boot.test.autoconfigure.web.servlet.MockMvcPrintOnlyOnFailureTestExecutionListener, org.springframework.boot.test.autoconfigure.web.servlet.WebDriverTestExecutionListener, org.springframework.test.context.web.ServletTestExecutionListener, org.springframework.test.context.support.DirtiesContextBeforeModesTestExecutionListener, org.springframework.test.context.support.DependencyInjectionTestExecutionListener, org.springframework.test.context.support.DirtiesContextTestExecutionListener, org.springframework.test.context.transaction.TransactionalTestExecutionListener, org.springframework.test.context.jdbc.SqlScriptsTestExecutionListener]
23:19:08.119 [main] INFO org.springframework.boot.test.context.SpringBootTestContextBootstrapper - Using TestExecutionListeners: [org.springframework.test.context.web.ServletTestExecutionListener@105fece7, org.springframework.test.context.support.DirtiesContextBeforeModesTestExecutionListener@3ec300f1, org.springframework.boot.test.autoconfigure.SpringBootDependencyInjectionTestExecutionListener@482cd91f, org.springframework.test.context.support.DirtiesContextTestExecutionListener@123f1134, org.springframework.test.context.transaction.TransactionalTestExecutionListener@7d68ef40, org.springframework.test.context.jdbc.SqlScriptsTestExecutionListener@5b0abc94, org.springframework.boot.test.autoconfigure.web.servlet.MockMvcPrintOnlyOnFailureTestExecutionListener@75c072cb, org.springframework.boot.test.autoconfigure.web.servlet.WebDriverTestExecutionListener@1f1c7bf6, org.springframework.boot.test.mock.mockito.MockitoTestExecutionListener@25b485ba, org.springframework.boot.test.autoconfigure.restdocs.RestDocsTestExecutionListener@2b546384, org.springframework.boot.test.autoconfigure.web.client.MockRestServiceServerResetTestExecutionListener@5d740a0f, org.springframework.boot.test.mock.mockito.ResetMocksTestExecutionListener@214b199c]
23:19:08.119 [main] DEBUG org.springframework.test.annotation.ProfileValueUtils - Retrieved @ProfileValueSourceConfiguration [null] for test class [com.example.demo.DemoApplicationTests]
23:19:08.119 [main] DEBUG org.springframework.test.annotation.ProfileValueUtils - Retrieved ProfileValueSource type [class org.springframework.test.annotation.SystemProfileValueSource] for class [com.example.demo.DemoApplicationTests]
23:19:08.134 [main] DEBUG org.springframework.test.annotation.ProfileValueUtils - Retrieved @ProfileValueSourceConfiguration [null] for test class [com.example.demo.DemoApplicationTests]
23:19:08.150 [main] DEBUG org.springframework.test.annotation.ProfileValueUtils - Retrieved ProfileValueSource type [class org.springframework.test.annotation.SystemProfileValueSource] for class [com.example.demo.DemoApplicationTests]
23:19:08.150 [main] DEBUG org.springframework.test.context.support.AbstractDirtiesContextTestExecutionListener - Before test class: context [DefaultTestContext@691a7f8f testClass = DemoApplicationTests, testInstance = [null], testMethod = [null], testException = [null], mergedContextConfiguration = [WebMergedContextConfiguration@50a7bc6e testClass = DemoApplicationTests, locations = '{}', classes = '{class com.example.demo.DemoApplication}', contextInitializerClasses = '[]', activeProfiles = '{}', propertySourceLocations = '{}', propertySourceProperties = '{org.springframework.boot.test.context.SpringBootTestContextBootstrapper=true}', contextCustomizers = set[org.springframework.boot.test.context.SpringBootTestContextCustomizer@578486a3, org.springframework.boot.test.context.filter.ExcludeFilterContextCustomizer@1dfe2924, org.springframework.boot.test.json.DuplicateJsonObjectContextCustomizerFactory$DuplicateJsonObjectContextCustomizer@50b494a6, org.springframework.boot.test.mock.mockito.MockitoContextCustomizer@0, org.springframework.boot.test.autoconfigure.properties.PropertyMappingContextCustomizer@0, org.springframework.boot.test.autoconfigure.web.servlet.WebDriverContextCustomizerFactory$Customizer@51cdd8a], resourceBasePath = 'src/main/webapp', contextLoader = 'org.springframework.boot.test.context.SpringBootContextLoader', parent = [null]]], class annotated with @DirtiesContext [false] with mode [null].
23:19:08.166 [main] DEBUG org.springframework.test.annotation.ProfileValueUtils - Retrieved @ProfileValueSourceConfiguration [null] for test class [com.example.demo.DemoApplicationTests]
23:19:08.166 [main] DEBUG org.springframework.test.annotation.ProfileValueUtils - Retrieved ProfileValueSource type [class org.springframework.test.annotation.SystemProfileValueSource] for class [com.example.demo.DemoApplicationTests]
23:19:08.416 [main] DEBUG org.springframework.core.env.StandardEnvironment - Adding PropertySource 'systemProperties' with lowest search precedence
23:19:08.416 [main] DEBUG org.springframework.core.env.StandardEnvironment - Adding PropertySource 'systemEnvironment' with lowest search precedence
23:19:08.416 [main] DEBUG org.springframework.core.env.StandardEnvironment - Initialized StandardEnvironment with PropertySources [MapPropertySource@404214852 {name='systemProperties', properties={idea.version=2017.2.6, java.runtime.name=Java(TM) SE Runtime Environment, sun.boot.library.path=C:\Program Files\Java\jdk1.8.0_152\jre\bin, java.vm.version=25.152-b16, java.vm.vendor=Oracle Corporation, java.vendor.url=http://java.oracle.com/, path.separator=;, java.vm.name=Java HotSpot(TM) 64-Bit Server VM, file.encoding.pkg=sun.io, user.country=RU, user.script=, sun.java.launcher=SUN_STANDARD, sun.os.patch.level=, java.vm.specification.name=Java Virtual Machine Specification, user.dir=C:\Users\andre\OneDrive\Netcracker, java.runtime.version=1.8.0_152-b16, basedir=C:\Users\andre\OneDrive\Netcracker, java.awt.graphicsenv=sun.awt.Win32GraphicsEnvironment, java.endorsed.dirs=C:\Program Files\Java\jdk1.8.0_152\jre\lib\endorsed, os.arch=amd64, surefire.real.class.path=C:\Users\andre\OneDrive\Netcracker\target\surefire\surefirebooter7917255089778496058.jar, java.io.tmpdir=C:\Users\andre\AppData\Local\Temp\, line.separator=
, java.vm.specification.vendor=Oracle Corporation, user.variant=, os.name=Windows 10, sun.jnu.encoding=Cp1251, java.library.path=C:\Program Files\Java\jdk1.8.0_152\jre\bin;C:\Windows\Sun\Java\bin;C:\Windows\system32;C:\Windows;C:\ProgramData\Oracle\Java\javapath;C:\Windows\system32;C:\Windows;C:\Windows\System32\Wbem;C:\Windows\System32\WindowsPowerShell\v1.0\;C:\Program Files (x86)\NVIDIA Corporation\PhysX\Common;C:\Program Files\MySQL\MySQL Utilities 1.6\;C:\Users\andre\AppData\Local\Microsoft\WindowsApps;;., surefire.test.class.path=C:\Users\andre\OneDrive\Netcracker\target\test-classes;C:\Users\andre\OneDrive\Netcracker\target\classes;C:\Users\andre\.m2\repository\org\springframework\boot\spring-boot-starter-data-jpa\1.5.8.RELEASE\spring-boot-starter-data-jpa-1.5.8.RELEASE.jar;C:\Users\andre\.m2\repository\org\springframework\boot\spring-boot-starter\1.5.8.RELEASE\spring-boot-starter-1.5.8.RELEASE.jar;C:\Users\andre\.m2\repository\org\springframework\boot\spring-boot\1.5.8.RELEASE\spring-boot-1.5.8.RELEASE.jar;C:\Users\andre\.m2\repository\org\springframework\boot\spring-boot-autoconfigure\1.5.8.RELEASE\spring-boot-autoconfigure-1.5.8.RELEASE.jar;C:\Users\andre\.m2\repository\org\springframework\boot\spring-boot-starter-logging\1.5.8.RELEASE\spring-boot-starter-logging-1.5.8.RELEASE.jar;C:\Users\andre\.m2\repository\ch\qos\logback\logback-classic\1.1.11\logback-classic-1.1.11.jar;C:\Users\andre\.m2\repository\ch\qos\logback\logback-core\1.1.11\logback-core-1.1.11.jar;C:\Users\andre\.m2\repository\org\slf4j\jul-to-slf4j\1.7.25\jul-to-slf4j-1.7.25.jar;C:\Users\andre\.m2\repository\org\slf4j\log4j-over-slf4j\1.7.25\log4j-over-slf4j-1.7.25.jar;C:\Users\andre\.m2\repository\org\yaml\snakeyaml\1.17\snakeyaml-1.17.jar;C:\Users\andre\.m2\repository\org\springframework\boot\spring-boot-starter-aop\1.5.8.RELEASE\spring-boot-starter-aop-1.5.8.RELEASE.jar;C:\Users\andre\.m2\repository\org\springframework\spring-aop\4.3.12.RELEASE\spring-aop-4.3.12.RELEASE.jar;C:\Users\andre\.m2\repository\org\aspectj\aspectjweaver\1.8.11\aspectjweaver-1.8.11.jar;C:\Users\andre\.m2\repository\org\springframework\boot\spring-boot-starter-jdbc\1.5.8.RELEASE\spring-boot-starter-jdbc-1.5.8.RELEASE.jar;C:\Users\andre\.m2\repository\org\apache\tomcat\tomcat-jdbc\8.5.23\tomcat-jdbc-8.5.23.jar;C:\Users\andre\.m2\repository\org\apache\tomcat\tomcat-juli\8.5.23\tomcat-juli-8.5.23.jar;C:\Users\andre\.m2\repository\org\springframework\spring-jdbc\4.3.12.RELEASE\spring-jdbc-4.3.12.RELEASE.jar;C:\Users\andre\.m2\repository\org\hibernate\hibernate-core\5.0.12.Final\hibernate-core-5.0.12.Final.jar;C:\Users\andre\.m2\repository\org\jboss\logging\jboss-logging\3.3.1.Final\jboss-logging-3.3.1.Final.jar;C:\Users\andre\.m2\repository\org\hibernate\javax\persistence\hibernate-jpa-2.1-api\1.0.0.Final\hibernate-jpa-2.1-api-1.0.0.Final.jar;C:\Users\andre\.m2\repository\org\javassist\javassist\3.21.0-GA\javassist-3.21.0-GA.jar;C:\Users\andre\.m2\repository\antlr\antlr\2.7.7\antlr-2.7.7.jar;C:\Users\andre\.m2\repository\org\jboss\jandex\2.0.0.Final\jandex-2.0.0.Final.jar;C:\Users\andre\.m2\repository\dom4j\dom4j\1.6.1\dom4j-1.6.1.jar;C:\Users\andre\.m2\repository\org\hibernate\common\hibernate-commons-annotations\5.0.1.Final\hibernate-commons-annotations-5.0.1.Final.jar;C:\Users\andre\.m2\repository\org\hibernate\hibernate-entitymanager\5.0.12.Final\hibernate-entitymanager-5.0.12.Final.jar;C:\Users\andre\.m2\repository\javax\transaction\javax.transaction-api\1.2\javax.transaction-api-1.2.jar;C:\Users\andre\.m2\repository\org\springframework\data\spring-data-jpa\1.11.8.RELEASE\spring-data-jpa-1.11.8.RELEASE.jar;C:\Users\andre\.m2\repository\org\springframework\data\spring-data-commons\1.13.8.RELEASE\spring-data-commons-1.13.8.RELEASE.jar;C:\Users\andre\.m2\repository\org\springframework\spring-orm\4.3.12.RELEASE\spring-orm-4.3.12.RELEASE.jar;C:\Users\andre\.m2\repository\org\springframework\spring-context\4.3.12.RELEASE\spring-context-4.3.12.RELEASE.jar;C:\Users\andre\.m2\repository\org\springframework\spring-tx\4.3.12.RELEASE\spring-tx-4.3.12.RELEASE.jar;C:\Users\andre\.m2\repository\org\springframework\spring-beans\4.3.12.RELEASE\spring-beans-4.3.12.RELEASE.jar;C:\Users\andre\.m2\repository\org\slf4j\slf4j-api\1.7.25\slf4j-api-1.7.25.jar;C:\Users\andre\.m2\repository\org\slf4j\jcl-over-slf4j\1.7.25\jcl-over-slf4j-1.7.25.jar;C:\Users\andre\.m2\repository\org\springframework\spring-aspects\4.3.12.RELEASE\spring-aspects-4.3.12.RELEASE.jar;C:\Users\andre\.m2\repository\org\springframework\boot\spring-boot-starter-data-rest\1.5.8.RELEASE\spring-boot-starter-data-rest-1.5.8.RELEASE.jar;C:\Users\andre\.m2\repository\com\fasterxml\jackson\core\jackson-annotations\2.8.0\jackson-annotations-2.8.0.jar;C:\Users\andre\.m2\repository\com\fasterxml\jackson\core\jackson-databind\2.8.10\jackson-databind-2.8.10.jar;C:\Users\andre\.m2\repository\com\fasterxml\jackson\core\jackson-core\2.8.10\jackson-core-2.8.10.jar;C:\Users\andre\.m2\repository\org\springframework\data\spring-data-rest-webmvc\2.6.8.RELEASE\spring-data-rest-webmvc-2.6.8.RELEASE.jar;C:\Users\andre\.m2\repository\org\springframework\data\spring-data-rest-core\2.6.8.RELEASE\spring-data-rest-core-2.6.8.RELEASE.jar;C:\Users\andre\.m2\repository\org\springframework\hateoas\spring-hateoas\0.23.0.RELEASE\spring-hateoas-0.23.0.RELEASE.jar;C:\Users\andre\.m2\repository\org\springframework\plugin\spring-plugin-core\1.2.0.RELEASE\spring-plugin-core-1.2.0.RELEASE.jar;C:\Users\andre\.m2\repository\org\atteo\evo-inflector\1.2.2\evo-inflector-1.2.2.jar;C:\Users\andre\.m2\repository\org\springframework\boot\spring-boot-starter-thymeleaf\1.5.8.RELEASE\spring-boot-starter-thymeleaf-1.5.8.RELEASE.jar;C:\Users\andre\.m2\repository\org\thymeleaf\thymeleaf-spring4\2.1.5.RELEASE\thymeleaf-spring4-2.1.5.RELEASE.jar;C:\Users\andre\.m2\repository\org\thymeleaf\thymeleaf\2.1.5.RELEASE\thymeleaf-2.1.5.RELEASE.jar;C:\Users\andre\.m2\repository\ognl\ognl\3.0.8\ognl-3.0.8.jar;C:\Users\andre\.m2\repository\org\unbescape\unbescape\1.1.0.RELEASE\unbescape-1.1.0.RELEASE.jar;C:\Users\andre\.m2\repository\nz\net\ultraq\thymeleaf\thymeleaf-layout-dialect\1.4.0\thymeleaf-layout-dialect-1.4.0.jar;C:\Users\andre\.m2\repository\org\codehaus\groovy\groovy\2.4.12\groovy-2.4.12.jar;C:\Users\andre\.m2\repository\org\springframework\boot\spring-boot-starter-web\1.5.8.RELEASE\spring-boot-starter-web-1.5.8.RELEASE.jar;C:\Users\andre\.m2\repository\org\springframework\boot\spring-boot-starter-tomcat\1.5.8.RELEASE\spring-boot-starter-tomcat-1.5.8.RELEASE.jar;C:\Users\andre\.m2\repository\org\apache\tomcat\embed\tomcat-embed-core\8.5.23\tomcat-embed-core-8.5.23.jar;C:\Users\andre\.m2\repository\org\apache\tomcat\tomcat-annotations-api\8.5.23\tomcat-annotations-api-8.5.23.jar;C:\Users\andre\.m2\repository\org\apache\tomcat\embed\tomcat-embed-el\8.5.23\tomcat-embed-el-8.5.23.jar;C:\Users\andre\.m2\repository\org\apache\tomcat\embed\tomcat-embed-websocket\8.5.23\tomcat-embed-websocket-8.5.23.jar;C:\Users\andre\.m2\repository\org\hibernate\hibernate-validator\5.3.5.Final\hibernate-validator-5.3.5.Final.jar;C:\Users\andre\.m2\repository\javax\validation\validation-api\1.1.0.Final\validation-api-1.1.0.Final.jar;C:\Users\andre\.m2\repository\com\fasterxml\classmate\1.3.4\classmate-1.3.4.jar;C:\Users\andre\.m2\repository\org\springframework\spring-web\4.3.12.RELEASE\spring-web-4.3.12.RELEASE.jar;C:\Users\andre\.m2\repository\org\springframework\spring-webmvc\4.3.12.RELEASE\spring-webmvc-4.3.12.RELEASE.jar;C:\Users\andre\.m2\repository\org\springframework\spring-expression\4.3.12.RELEASE\spring-expression-4.3.12.RELEASE.jar;C:\Users\andre\.m2\repository\org\springframework\boot\spring-boot-starter-web-services\1.5.8.RELEASE\spring-boot-starter-web-services-1.5.8.RELEASE.jar;C:\Users\andre\.m2\repository\org\springframework\spring-oxm\4.3.12.RELEASE\spring-oxm-4.3.12.RELEASE.jar;C:\Users\andre\.m2\repository\org\springframework\ws\spring-ws-core\2.4.0.RELEASE\spring-ws-core-2.4.0.RELEASE.jar;C:\Users\andre\.m2\repository\org\springframework\ws\spring-xml\2.4.0.RELEASE\spring-xml-2.4.0.RELEASE.jar;C:\Users\andre\.m2\repository\mysql\mysql-connector-java\5.1.44\mysql-connector-java-5.1.44.jar;C:\Users\andre\.m2\repository\org\projectlombok\lombok\1.16.18\lombok-1.16.18.jar;C:\Users\andre\.m2\repository\org\springframework\boot\spring-boot-starter-test\1.5.8.RELEASE\spring-boot-starter-test-1.5.8.RELEASE.jar;C:\Users\andre\.m2\repository\org\springframework\boot\spring-boot-test\1.5.8.RELEASE\spring-boot-test-1.5.8.RELEASE.jar;C:\Users\andre\.m2\repository\org\springframework\boot\spring-boot-test-autoconfigure\1.5.8.RELEASE\spring-boot-test-autoconfigure-1.5.8.RELEASE.jar;C:\Users\andre\.m2\repository\com\jayway\jsonpath\json-path\2.2.0\json-path-2.2.0.jar;C:\Users\andre\.m2\repository\net\minidev\json-smart\2.2.1\json-smart-2.2.1.jar;C:\Users\andre\.m2\repository\net\minidev\accessors-smart\1.1\accessors-smart-1.1.jar;C:\Users\andre\.m2\repository\org\ow2\asm\asm\5.0.3\asm-5.0.3.jar;C:\Users\andre\.m2\repository\junit\junit\4.12\junit-4.12.jar;C:\Users\andre\.m2\repository\org\assertj\assertj-core\2.6.0\assertj-core-2.6.0.jar;C:\Users\andre\.m2\repository\org\mockito\mockito-core\1.10.19\mockito-core-1.10.19.jar;C:\Users\andre\.m2\repository\org\objenesis\objenesis\2.1\objenesis-2.1.jar;C:\Users\andre\.m2\repository\org\hamcrest\hamcrest-core\1.3\hamcrest-core-1.3.jar;C:\Users\andre\.m2\repository\org\hamcrest\hamcrest-library\1.3\hamcrest-library-1.3.jar;C:\Users\andre\.m2\repository\org\skyscreamer\jsonassert\1.4.0\jsonassert-1.4.0.jar;C:\Users\andre\.m2\repository\com\vaadin\external\google\android-json\0.0.20131108.vaadin1\android-json-0.0.20131108.vaadin1.jar;C:\Users\andre\.m2\repository\org\springframework\spring-core\4.3.12.RELEASE\spring-core-4.3.12.RELEASE.jar;C:\Users\andre\.m2\repository\org\springframework\spring-test\4.3.12.RELEASE\spring-test-4.3.12.RELEASE.jar;, java.specification.name=Java Platform API Specification, java.class.version=52.0, sun.management.compiler=HotSpot 64-Bit Tiered Compilers, os.version=10.0, user.home=C:\Users\andre, user.timezone=Europe/Samara, java.awt.printerjob=sun.awt.windows.WPrinterJob, file.encoding=Cp1251, java.specification.version=1.8, java.class.path=C:\Users\andre\OneDrive\Netcracker\target\test-classes;C:\Users\andre\OneDrive\Netcracker\target\classes;C:\Users\andre\.m2\repository\org\springframework\boot\spring-boot-starter-data-jpa\1.5.8.RELEASE\spring-boot-starter-data-jpa-1.5.8.RELEASE.jar;C:\Users\andre\.m2\repository\org\springframework\boot\spring-boot-starter\1.5.8.RELEASE\spring-boot-starter-1.5.8.RELEASE.jar;C:\Users\andre\.m2\repository\org\springframework\boot\spring-boot\1.5.8.RELEASE\spring-boot-1.5.8.RELEASE.jar;C:\Users\andre\.m2\repository\org\springframework\boot\spring-boot-autoconfigure\1.5.8.RELEASE\spring-boot-autoconfigure-1.5.8.RELEASE.jar;C:\Users\andre\.m2\repository\org\springframework\boot\spring-boot-starter-logging\1.5.8.RELEASE\spring-boot-starter-logging-1.5.8.RELEASE.jar;C:\Users\andre\.m2\repository\ch\qos\logback\logback-classic\1.1.11\logback-classic-1.1.11.jar;C:\Users\andre\.m2\repository\ch\qos\logback\logback-core\1.1.11\logback-core-1.1.11.jar;C:\Users\andre\.m2\repository\org\slf4j\jul-to-slf4j\1.7.25\jul-to-slf4j-1.7.25.jar;C:\Users\andre\.m2\repository\org\slf4j\log4j-over-slf4j\1.7.25\log4j-over-slf4j-1.7.25.jar;C:\Users\andre\.m2\repository\org\yaml\snakeyaml\1.17\snakeyaml-1.17.jar;C:\Users\andre\.m2\repository\org\springframework\boot\spring-boot-starter-aop\1.5.8.RELEASE\spring-boot-starter-aop-1.5.8.RELEASE.jar;C:\Users\andre\.m2\repository\org\springframework\spring-aop\4.3.12.RELEASE\spring-aop-4.3.12.RELEASE.jar;C:\Users\andre\.m2\repository\org\aspectj\aspectjweaver\1.8.11\aspectjweaver-1.8.11.jar;C:\Users\andre\.m2\repository\org\springframework\boot\spring-boot-starter-jdbc\1.5.8.RELEASE\spring-boot-starter-jdbc-1.5.8.RELEASE.jar;C:\Users\andre\.m2\repository\org\apache\tomcat\tomcat-jdbc\8.5.23\tomcat-jdbc-8.5.23.jar;C:\Users\andre\.m2\repository\org\apache\tomcat\tomcat-juli\8.5.23\tomcat-juli-8.5.23.jar;C:\Users\andre\.m2\repository\org\springframework\spring-jdbc\4.3.12.RELEASE\spring-jdbc-4.3.12.RELEASE.jar;C:\Users\andre\.m2\repository\org\hibernate\hibernate-core\5.0.12.Final\hibernate-core-5.0.12.Final.jar;C:\Users\andre\.m2\repository\org\jboss\logging\jboss-logging\3.3.1.Final\jboss-logging-3.3.1.Final.jar;C:\Users\andre\.m2\repository\org\hibernate\javax\persistence\hibernate-jpa-2.1-api\1.0.0.Final\hibernate-jpa-2.1-api-1.0.0.Final.jar;C:\Users\andre\.m2\repository\org\javassist\javassist\3.21.0-GA\javassist-3.21.0-GA.jar;C:\Users\andre\.m2\repository\antlr\antlr\2.7.7\antlr-2.7.7.jar;C:\Users\andre\.m2\repository\org\jboss\jandex\2.0.0.Final\jandex-2.0.0.Final.jar;C:\Users\andre\.m2\repository\dom4j\dom4j\1.6.1\dom4j-1.6.1.jar;C:\Users\andre\.m2\repository\org\hibernate\common\hibernate-commons-annotations\5.0.1.Final\hibernate-commons-annotations-5.0.1.Final.jar;C:\Users\andre\.m2\repository\org\hibernate\hibernate-entitymanager\5.0.12.Final\hibernate-entitymanager-5.0.12.Final.jar;C:\Users\andre\.m2\repository\javax\transaction\javax.transaction-api\1.2\javax.transaction-api-1.2.jar;C:\Users\andre\.m2\repository\org\springframework\data\spring-data-jpa\1.11.8.RELEASE\spring-data-jpa-1.11.8.RELEASE.jar;C:\Users\andre\.m2\repository\org\springframework\data\spring-data-commons\1.13.8.RELEASE\spring-data-commons-1.13.8.RELEASE.jar;C:\Users\andre\.m2\repository\org\springframework\spring-orm\4.3.12.RELEASE\spring-orm-4.3.12.RELEASE.jar;C:\Users\andre\.m2\repository\org\springframework\spring-context\4.3.12.RELEASE\spring-context-4.3.12.RELEASE.jar;C:\Users\andre\.m2\repository\org\springframework\spring-tx\4.3.12.RELEASE\spring-tx-4.3.12.RELEASE.jar;C:\Users\andre\.m2\repository\org\springframework\spring-beans\4.3.12.RELEASE\spring-beans-4.3.12.RELEASE.jar;C:\Users\andre\.m2\repository\org\slf4j\slf4j-api\1.7.25\slf4j-api-1.7.25.jar;C:\Users\andre\.m2\repository\org\slf4j\jcl-over-slf4j\1.7.25\jcl-over-slf4j-1.7.25.jar;C:\Users\andre\.m2\repository\org\springframework\spring-aspects\4.3.12.RELEASE\spring-aspects-4.3.12.RELEASE.jar;C:\Users\andre\.m2\repository\org\springframework\boot\spring-boot-starter-data-rest\1.5.8.RELEASE\spring-boot-starter-data-rest-1.5.8.RELEASE.jar;C:\Users\andre\.m2\repository\com\fasterxml\jackson\core\jackson-annotations\2.8.0\jackson-annotations-2.8.0.jar;C:\Users\andre\.m2\repository\com\fasterxml\jackson\core\jackson-databind\2.8.10\jackson-databind-2.8.10.jar;C:\Users\andre\.m2\repository\com\fasterxml\jackson\core\jackson-core\2.8.10\jackson-core-2.8.10.jar;C:\Users\andre\.m2\repository\org\springframework\data\spring-data-rest-webmvc\2.6.8.RELEASE\spring-data-rest-webmvc-2.6.8.RELEASE.jar;C:\Users\andre\.m2\repository\org\springframework\data\spring-data-rest-core\2.6.8.RELEASE\spring-data-rest-core-2.6.8.RELEASE.jar;C:\Users\andre\.m2\repository\org\springframework\hateoas\spring-hateoas\0.23.0.RELEASE\spring-hateoas-0.23.0.RELEASE.jar;C:\Users\andre\.m2\repository\org\springframework\plugin\spring-plugin-core\1.2.0.RELEASE\spring-plugin-core-1.2.0.RELEASE.jar;C:\Users\andre\.m2\repository\org\atteo\evo-inflector\1.2.2\evo-inflector-1.2.2.jar;C:\Users\andre\.m2\repository\org\springframework\boot\spring-boot-starter-thymeleaf\1.5.8.RELEASE\spring-boot-starter-thymeleaf-1.5.8.RELEASE.jar;C:\Users\andre\.m2\repository\org\thymeleaf\thymeleaf-spring4\2.1.5.RELEASE\thymeleaf-spring4-2.1.5.RELEASE.jar;C:\Users\andre\.m2\repository\org\thymeleaf\thymeleaf\2.1.5.RELEASE\thymeleaf-2.1.5.RELEASE.jar;C:\Users\andre\.m2\repository\ognl\ognl\3.0.8\ognl-3.0.8.jar;C:\Users\andre\.m2\repository\org\unbescape\unbescape\1.1.0.RELEASE\unbescape-1.1.0.RELEASE.jar;C:\Users\andre\.m2\repository\nz\net\ultraq\thymeleaf\thymeleaf-layout-dialect\1.4.0\thymeleaf-layout-dialect-1.4.0.jar;C:\Users\andre\.m2\repository\org\codehaus\groovy\groovy\2.4.12\groovy-2.4.12.jar;C:\Users\andre\.m2\repository\org\springframework\boot\spring-boot-starter-web\1.5.8.RELEASE\spring-boot-starter-web-1.5.8.RELEASE.jar;C:\Users\andre\.m2\repository\org\springframework\boot\spring-boot-starter-tomcat\1.5.8.RELEASE\spring-boot-starter-tomcat-1.5.8.RELEASE.jar;C:\Users\andre\.m2\repository\org\apache\tomcat\embed\tomcat-embed-core\8.5.23\tomcat-embed-core-8.5.23.jar;C:\Users\andre\.m2\repository\org\apache\tomcat\tomcat-annotations-api\8.5.23\tomcat-annotations-api-8.5.23.jar;C:\Users\andre\.m2\repository\org\apache\tomcat\embed\tomcat-embed-el\8.5.23\tomcat-embed-el-8.5.23.jar;C:\Users\andre\.m2\repository\org\apache\tomcat\embed\tomcat-embed-websocket\8.5.23\tomcat-embed-websocket-8.5.23.jar;C:\Users\andre\.m2\repository\org\hibernate\hibernate-validator\5.3.5.Final\hibernate-validator-5.3.5.Final.jar;C:\Users\andre\.m2\repository\javax\validation\validation-api\1.1.0.Final\validation-api-1.1.0.Final.jar;C:\Users\andre\.m2\repository\com\fasterxml\classmate\1.3.4\classmate-1.3.4.jar;C:\Users\andre\.m2\repository\org\springframework\spring-web\4.3.12.RELEASE\spring-web-4.3.12.RELEASE.jar;C:\Users\andre\.m2\repository\org\springframework\spring-webmvc\4.3.12.RELEASE\spring-webmvc-4.3.12.RELEASE.jar;C:\Users\andre\.m2\repository\org\springframework\spring-expression\4.3.12.RELEASE\spring-expression-4.3.12.RELEASE.jar;C:\Users\andre\.m2\repository\org\springframework\boot\spring-boot-starter-web-services\1.5.8.RELEASE\spring-boot-starter-web-services-1.5.8.RELEASE.jar;C:\Users\andre\.m2\repository\org\springframework\spring-oxm\4.3.12.RELEASE\spring-oxm-4.3.12.RELEASE.jar;C:\Users\andre\.m2\repository\org\springframework\ws\spring-ws-core\2.4.0.RELEASE\spring-ws-core-2.4.0.RELEASE.jar;C:\Users\andre\.m2\repository\org\springframework\ws\spring-xml\2.4.0.RELEASE\spring-xml-2.4.0.RELEASE.jar;C:\Users\andre\.m2\repository\mysql\mysql-connector-java\5.1.44\mysql-connector-java-5.1.44.jar;C:\Users\andre\.m2\repository\org\projectlombok\lombok\1.16.18\lombok-1.16.18.jar;C:\Users\andre\.m2\repository\org\springframework\boot\spring-boot-starter-test\1.5.8.RELEASE\spring-boot-starter-test-1.5.8.RELEASE.jar;C:\Users\andre\.m2\repository\org\springframework\boot\spring-boot-test\1.5.8.RELEASE\spring-boot-test-1.5.8.RELEASE.jar;C:\Users\andre\.m2\repository\org\springframework\boot\spring-boot-test-autoconfigure\1.5.8.RELEASE\spring-boot-test-autoconfigure-1.5.8.RELEASE.jar;C:\Users\andre\.m2\repository\com\jayway\jsonpath\json-path\2.2.0\json-path-2.2.0.jar;C:\Users\andre\.m2\repository\net\minidev\json-smart\2.2.1\json-smart-2.2.1.jar;C:\Users\andre\.m2\repository\net\minidev\accessors-smart\1.1\accessors-smart-1.1.jar;C:\Users\andre\.m2\repository\org\ow2\asm\asm\5.0.3\asm-5.0.3.jar;C:\Users\andre\.m2\repository\junit\junit\4.12\junit-4.12.jar;C:\Users\andre\.m2\repository\org\assertj\assertj-core\2.6.0\assertj-core-2.6.0.jar;C:\Users\andre\.m2\repository\org\mockito\mockito-core\1.10.19\mockito-core-1.10.19.jar;C:\Users\andre\.m2\repository\org\objenesis\objenesis\2.1\objenesis-2.1.jar;C:\Users\andre\.m2\repository\org\hamcrest\hamcrest-core\1.3\hamcrest-core-1.3.jar;C:\Users\andre\.m2\repository\org\hamcrest\hamcrest-library\1.3\hamcrest-library-1.3.jar;C:\Users\andre\.m2\repository\org\skyscreamer\jsonassert\1.4.0\jsonassert-1.4.0.jar;C:\Users\andre\.m2\repository\com\vaadin\external\google\android-json\0.0.20131108.vaadin1\android-json-0.0.20131108.vaadin1.jar;C:\Users\andre\.m2\repository\org\springframework\spring-core\4.3.12.RELEASE\spring-core-4.3.12.RELEASE.jar;C:\Users\andre\.m2\repository\org\springframework\spring-test\4.3.12.RELEASE\spring-test-4.3.12.RELEASE.jar;, user.name=andre, java.vm.specification.version=1.8, sun.java.command=C:\Users\andre\OneDrive\Netcracker\target\surefire\surefirebooter7917255089778496058.jar C:\Users\andre\OneDrive\Netcracker\target\surefire\surefire673008808997746948tmp C:\Users\andre\OneDrive\Netcracker\target\surefire\surefire_02758153930728726024tmp, java.home=C:\Program Files\Java\jdk1.8.0_152\jre, sun.arch.data.model=64, user.language=ru, java.specification.vendor=Oracle Corporation, awt.toolkit=sun.awt.windows.WToolkit, java.vm.info=mixed mode, java.version=1.8.0_152, java.ext.dirs=C:\Program Files\Java\jdk1.8.0_152\jre\lib\ext;C:\Windows\Sun\Java\lib\ext, sun.boot.class.path=C:\Program Files\Java\jdk1.8.0_152\jre\lib\resources.jar;C:\Program Files\Java\jdk1.8.0_152\jre\lib\rt.jar;C:\Program Files\Java\jdk1.8.0_152\jre\lib\sunrsasign.jar;C:\Program Files\Java\jdk1.8.0_152\jre\lib\jsse.jar;C:\Program Files\Java\jdk1.8.0_152\jre\lib\jce.jar;C:\Program Files\Java\jdk1.8.0_152\jre\lib\charsets.jar;C:\Program Files\Java\jdk1.8.0_152\jre\lib\jfr.jar;C:\Program Files\Java\jdk1.8.0_152\jre\classes, java.vendor=Oracle Corporation, localRepository=C:\Users\andre\.m2\repository, file.separator=\, java.vendor.url.bug=http://bugreport.sun.com/bugreport/, sun.io.unicode.encoding=UnicodeLittle, sun.cpu.endian=little, sun.desktop=windows, sun.cpu.isalist=amd64}}, SystemEnvironmentPropertySource@1822971466 {name='systemEnvironment', properties={PATH=C:\ProgramData\Oracle\Java\javapath;C:\Windows\system32;C:\Windows;C:\Windows\System32\Wbem;C:\Windows\System32\WindowsPowerShell\v1.0\;C:\Program Files (x86)\NVIDIA Corporation\PhysX\Common;C:\Program Files\MySQL\MySQL Utilities 1.6\;C:\Users\andre\AppData\Local\Microsoft\WindowsApps;, USERDOMAIN_ROAMINGPROFILE=DESKTOP-8VJ11EK, LOCALAPPDATA=C:\Users\andre\AppData\Local, PROCESSOR_LEVEL=6, SYSTEMDRIVE=C:, COMMONPROGRAMFILES(X86)=C:\Program Files (x86)\Common Files, USERDOMAIN=DESKTOP-8VJ11EK, FPS_BROWSER_APP_PROFILE_STRING=Internet Explorer, LOGONSERVER=\\DESKTOP-8VJ11EK, PROMPT=$P$G, SESSIONNAME=Console, ALLUSERSPROFILE=C:\ProgramData, PROGRAMFILES(X86)=C:\Program Files (x86), PROCESSOR_ARCHITECTURE=AMD64, PROGRAMFILES=C:\Program Files, =C:=C:\Users\andre\OneDrive\Netcracker, APPDATA=C:\Users\andre\AppData\Roaming, PSMODULEPATH=C:\Program Files\WindowsPowerShell\Modules;C:\Windows\system32\WindowsPowerShell\v1.0\Modules, PROGRAMW6432=C:\Program Files, PROGRAMDATA=C:\ProgramData, SYSTEMROOT=C:\Windows, USERNAME=andre, FPS_BROWSER_USER_PROFILE_STRING=Default, ONEDRIVE=C:\Users\andre\OneDrive, PATHEXT=.COM;.EXE;.BAT;.CMD;.VBS;.VBE;.JS;.JSE;.WSF;.WSH;.MSC, OS=Windows_NT, COMMONPROGRAMW6432=C:\Program Files\Common Files, COMPUTERNAME=DESKTOP-8VJ11EK, COMMONPROGRAMFILES=C:\Program Files\Common Files, COMSPEC=C:\Windows\system32\cmd.exe, PROCESSOR_REVISION=4501, WINDIR=C:\Windows, HOMEPATH=\Users\andre, TEMP=C:\Users\andre\AppData\Local\Temp, HOMEDRIVE=C:, PROCESSOR_IDENTIFIER=Intel64 Family 6 Model 69 Stepping 1, GenuineIntel, USERPROFILE=C:\Users\andre, TMP=C:\Users\andre\AppData\Local\Temp, PUBLIC=C:\Users\Public, NUMBER_OF_PROCESSORS=4, =::=::\}}]
23:19:08.416 [main] DEBUG org.springframework.core.env.MutablePropertySources - Adding PropertySource 'inline' with highest search precedence
23:19:08.431 [main] DEBUG org.springframework.test.context.support.TestPropertySourceUtils - Adding inlined properties to environment: {spring.jmx.enabled=false, org.springframework.boot.test.context.SpringBootTestContextBootstrapper=true, server.port=-1}
23:19:08.431 [main] DEBUG org.springframework.core.env.StandardEnvironment - Adding PropertySource 'Inlined Test Properties' with highest search precedence

  .   ____          _            __ _ _
 /\\ / ___'_ __ _ _(_)_ __  __ _ \ \ \ \
( ( )\___ | '_ | '_| | '_ \/ _` | \ \ \ \
 \\/  ___)| |_)| | | | | || (_| |  ) ) ) )
  '  |____| .__|_| |_|_| |_\__, | / / / /
 =========|_|==============|___/=/_/_/_/
 :: Spring Boot ::        (v1.5.8.RELEASE)

2017-11-16 23:19:09.072  INFO 9036 --- [           main] com.example.demo.DemoApplicationTests    : Starting DemoApplicationTests on DESKTOP-8VJ11EK with PID 9036 (started by andre in C:\Users\andre\OneDrive\Netcracker)
2017-11-16 23:19:09.088  INFO 9036 --- [           main] com.example.demo.DemoApplicationTests    : No active profile set, falling back to default profiles: default
2017-11-16 23:19:09.463  INFO 9036 --- [           main] o.s.w.c.s.GenericWebApplicationContext   : Refreshing org.springframework.web.context.support.GenericWebApplicationContext@2b48a640: startup date [Thu Nov 16 23:19:09 SAMT 2017]; root of context hierarchy
2017-11-16 23:19:10.922  INFO 9036 --- [           main] o.s.b.f.s.DefaultListableBeanFactory     : Overriding bean definition for bean 'httpRequestHandlerAdapter' with a different definition: replacing [Root bean: class [null]; scope=; abstract=false; lazyInit=false; autowireMode=3; dependencyCheck=0; autowireCandidate=true; primary=false; factoryBeanName=org.springframework.boot.autoconfigure.web.WebMvcAutoConfiguration$EnableWebMvcConfiguration; factoryMethodName=httpRequestHandlerAdapter; initMethodName=null; destroyMethodName=(inferred); defined in class path resource [org/springframework/boot/autoconfigure/web/WebMvcAutoConfiguration$EnableWebMvcConfiguration.class]] with [Root bean: class [null]; scope=; abstract=false; lazyInit=false; autowireMode=3; dependencyCheck=0; autowireCandidate=true; primary=false; factoryBeanName=org.springframework.data.rest.webmvc.config.RepositoryRestMvcConfiguration; factoryMethodName=httpRequestHandlerAdapter; initMethodName=null; destroyMethodName=(inferred); defined in class path resource [org/springframework/data/rest/webmvc/config/RepositoryRestMvcConfiguration.class]]
2017-11-16 23:19:11.797  INFO 9036 --- [           main] trationDelegate$BeanPostProcessorChecker : Bean 'org.springframework.ws.config.annotation.DelegatingWsConfiguration' of type [org.springframework.ws.config.annotation.DelegatingWsConfiguration$$EnhancerBySpringCGLIB$$114424de] is not eligible for getting processed by all BeanPostProcessors (for example: not eligible for auto-proxying)
2017-11-16 23:19:11.860  INFO 9036 --- [           main] .w.s.a.s.AnnotationActionEndpointMapping : Supporting [WS-Addressing August 2004, WS-Addressing 1.0]
2017-11-16 23:19:11.938  INFO 9036 --- [           main] trationDelegate$BeanPostProcessorChecker : Bean 'org.springframework.transaction.annotation.ProxyTransactionManagementConfiguration' of type [org.springframework.transaction.annotation.ProxyTransactionManagementConfiguration$$EnhancerBySpringCGLIB$$6cac5fdf] is not eligible for getting processed by all BeanPostProcessors (for example: not eligible for auto-proxying)
2017-11-16 23:19:12.219  WARN 9036 --- [           main] o.s.w.c.s.GenericWebApplicationContext   : Exception encountered during context initialization - cancelling refresh attempt: org.springframework.beans.factory.UnsatisfiedDependencyException: Error creating bean with name 'org.springframework.boot.autoconfigure.orm.jpa.HibernateJpaAutoConfiguration': Unsatisfied dependency expressed through constructor parameter 0; nested exception is org.springframework.beans.factory.BeanCreationException: Error creating bean with name 'dataSource' defined in class path resource [org/springframework/boot/autoconfigure/jdbc/DataSourceConfiguration$Tomcat.class]: Bean instantiation via factory method failed; nested exception is org.springframework.beans.BeanInstantiationException: Failed to instantiate [org.apache.tomcat.jdbc.pool.DataSource]: Factory method 'dataSource' threw exception; nested exception is org.springframework.boot.autoconfigure.jdbc.DataSourceProperties$DataSourceBeanCreationException: Cannot determine embedded database driver class for database type NONE. If you want an embedded database please put a supported one on the classpath. If you have database settings to be loaded from a particular profile you may need to active it (no profiles are currently active).
2017-11-16 23:19:12.235  INFO 9036 --- [           main] utoConfigurationReportLoggingInitializer : 

Error starting ApplicationContext. To display the auto-configuration report re-run your application with 'debug' enabled.
2017-11-16 23:19:12.235 ERROR 9036 --- [           main] o.s.b.d.LoggingFailureAnalysisReporter   : 

***************************
APPLICATION FAILED TO START
***************************

Description:

Cannot determine embedded database driver class for database type NONE

Action:

If you want an embedded database please put a supported one on the classpath. If you have database settings to be loaded from a particular profile you may need to active it (no profiles are currently active).

2017-11-16 23:19:12.250 ERROR 9036 --- [           main] o.s.test.context.TestContextManager      : Caught exception while allowing TestExecutionListener [org.springframework.test.context.web.ServletTestExecutionListener@105fece7] to prepare test instance [com.example.demo.DemoApplicationTests@3c35c345]

java.lang.IllegalStateException: Failed to load ApplicationContext
	at org.springframework.test.context.cache.DefaultCacheAwareContextLoaderDelegate.loadContext(DefaultCacheAwareContextLoaderDelegate.java:124) ~[spring-test-4.3.12.RELEASE.jar:4.3.12.RELEASE]
	at org.springframework.test.context.support.DefaultTestContext.getApplicationContext(DefaultTestContext.java:83) ~[spring-test-4.3.12.RELEASE.jar:4.3.12.RELEASE]
	at org.springframework.test.context.web.ServletTestExecutionListener.setUpRequestContextIfNecessary(ServletTestExecutionListener.java:189) ~[spring-test-4.3.12.RELEASE.jar:4.3.12.RELEASE]
	at org.springframework.test.context.web.ServletTestExecutionListener.prepareTestInstance(ServletTestExecutionListener.java:131) ~[spring-test-4.3.12.RELEASE.jar:4.3.12.RELEASE]
	at org.springframework.test.context.TestContextManager.prepareTestInstance(TestContextManager.java:230) ~[spring-test-4.3.12.RELEASE.jar:4.3.12.RELEASE]
	at org.springframework.test.context.junit4.SpringJUnit4ClassRunner.createTest(SpringJUnit4ClassRunner.java:228) [spring-test-4.3.12.RELEASE.jar:4.3.12.RELEASE]
	at org.springframework.test.context.junit4.SpringJUnit4ClassRunner$1.runReflectiveCall(SpringJUnit4ClassRunner.java:287) [spring-test-4.3.12.RELEASE.jar:4.3.12.RELEASE]
	at org.junit.internal.runners.model.ReflectiveCallable.run(ReflectiveCallable.java:12) [junit-4.12.jar:4.12]
	at org.springframework.test.context.junit4.SpringJUnit4ClassRunner.methodBlock(SpringJUnit4ClassRunner.java:289) [spring-test-4.3.12.RELEASE.jar:4.3.12.RELEASE]
	at org.springframework.test.context.junit4.SpringJUnit4ClassRunner.runChild(SpringJUnit4ClassRunner.java:247) [spring-test-4.3.12.RELEASE.jar:4.3.12.RELEASE]
	at org.springframework.test.context.junit4.SpringJUnit4ClassRunner.runChild(SpringJUnit4ClassRunner.java:94) [spring-test-4.3.12.RELEASE.jar:4.3.12.RELEASE]
	at org.junit.runners.ParentRunner$3.run(ParentRunner.java:290) [junit-4.12.jar:4.12]
	at org.junit.runners.ParentRunner$1.schedule(ParentRunner.java:71) [junit-4.12.jar:4.12]
	at org.junit.runners.ParentRunner.runChildren(ParentRunner.java:288) [junit-4.12.jar:4.12]
	at org.junit.runners.ParentRunner.access$000(ParentRunner.java:58) [junit-4.12.jar:4.12]
	at org.junit.runners.ParentRunner$2.evaluate(ParentRunner.java:268) [junit-4.12.jar:4.12]
	at org.springframework.test.context.junit4.statements.RunBeforeTestClassCallbacks.evaluate(RunBeforeTestClassCallbacks.java:61) [spring-test-4.3.12.RELEASE.jar:4.3.12.RELEASE]
	at org.springframework.test.context.junit4.statements.RunAfterTestClassCallbacks.evaluate(RunAfterTestClassCallbacks.java:70) [spring-test-4.3.12.RELEASE.jar:4.3.12.RELEASE]
	at org.junit.runners.ParentRunner.run(ParentRunner.java:363) [junit-4.12.jar:4.12]
	at org.springframework.test.context.junit4.SpringJUnit4ClassRunner.run(SpringJUnit4ClassRunner.java:191) [spring-test-4.3.12.RELEASE.jar:4.3.12.RELEASE]
	at org.apache.maven.surefire.junit4.JUnit4Provider.execute(JUnit4Provider.java:283) [surefire-junit4-2.18.1.jar:2.18.1]
	at org.apache.maven.surefire.junit4.JUnit4Provider.executeWithRerun(JUnit4Provider.java:173) [surefire-junit4-2.18.1.jar:2.18.1]
	at org.apache.maven.surefire.junit4.JUnit4Provider.executeTestSet(JUnit4Provider.java:153) [surefire-junit4-2.18.1.jar:2.18.1]
	at org.apache.maven.surefire.junit4.JUnit4Provider.invoke(JUnit4Provider.java:128) [surefire-junit4-2.18.1.jar:2.18.1]
	at org.apache.maven.surefire.booter.ForkedBooter.invokeProviderInSameClassLoader(ForkedBooter.java:203) [surefire-booter-2.18.1.jar:2.18.1]
	at org.apache.maven.surefire.booter.ForkedBooter.runSuitesInProcess(ForkedBooter.java:155) [surefire-booter-2.18.1.jar:2.18.1]
	at org.apache.maven.surefire.booter.ForkedBooter.main(ForkedBooter.java:103) [surefire-booter-2.18.1.jar:2.18.1]
Caused by: org.springframework.beans.factory.UnsatisfiedDependencyException: Error creating bean with name 'org.springframework.boot.autoconfigure.orm.jpa.HibernateJpaAutoConfiguration': Unsatisfied dependency expressed through constructor parameter 0; nested exception is org.springframework.beans.factory.BeanCreationException: Error creating bean with name 'dataSource' defined in class path resource [org/springframework/boot/autoconfigure/jdbc/DataSourceConfiguration$Tomcat.class]: Bean instantiation via factory method failed; nested exception is org.springframework.beans.BeanInstantiationException: Failed to instantiate [org.apache.tomcat.jdbc.pool.DataSource]: Factory method 'dataSource' threw exception; nested exception is org.springframework.boot.autoconfigure.jdbc.DataSourceProperties$DataSourceBeanCreationException: Cannot determine embedded database driver class for database type NONE. If you want an embedded database please put a supported one on the classpath. If you have database settings to be loaded from a particular profile you may need to active it (no profiles are currently active).
	at org.springframework.beans.factory.support.ConstructorResolver.createArgumentArray(ConstructorResolver.java:749) ~[spring-beans-4.3.12.RELEASE.jar:4.3.12.RELEASE]
	at org.springframework.beans.factory.support.ConstructorResolver.autowireConstructor(ConstructorResolver.java:189) ~[spring-beans-4.3.12.RELEASE.jar:4.3.12.RELEASE]
	at org.springframework.beans.factory.support.AbstractAutowireCapableBeanFactory.autowireConstructor(AbstractAutowireCapableBeanFactory.java:1193) ~[spring-beans-4.3.12.RELEASE.jar:4.3.12.RELEASE]
	at org.springframework.beans.factory.support.AbstractAutowireCapableBeanFactory.createBeanInstance(AbstractAutowireCapableBeanFactory.java:1095) ~[spring-beans-4.3.12.RELEASE.jar:4.3.12.RELEASE]
	at org.springframework.beans.factory.support.AbstractAutowireCapableBeanFactory.doCreateBean(AbstractAutowireCapableBeanFactory.java:513) ~[spring-beans-4.3.12.RELEASE.jar:4.3.12.RELEASE]
	at org.springframework.beans.factory.support.AbstractAutowireCapableBeanFactory.createBean(AbstractAutowireCapableBeanFactory.java:483) ~[spring-beans-4.3.12.RELEASE.jar:4.3.12.RELEASE]
	at org.springframework.beans.factory.support.AbstractBeanFactory$1.getObject(AbstractBeanFactory.java:306) ~[spring-beans-4.3.12.RELEASE.jar:4.3.12.RELEASE]
	at org.springframework.beans.factory.support.DefaultSingletonBeanRegistry.getSingleton(DefaultSingletonBeanRegistry.java:230) ~[spring-beans-4.3.12.RELEASE.jar:4.3.12.RELEASE]
	at org.springframework.beans.factory.support.AbstractBeanFactory.doGetBean(AbstractBeanFactory.java:302) ~[spring-beans-4.3.12.RELEASE.jar:4.3.12.RELEASE]
	at org.springframework.beans.factory.support.AbstractBeanFactory.getBean(AbstractBeanFactory.java:197) ~[spring-beans-4.3.12.RELEASE.jar:4.3.12.RELEASE]
	at org.springframework.beans.factory.support.ConstructorResolver.instantiateUsingFactoryMethod(ConstructorResolver.java:372) ~[spring-beans-4.3.12.RELEASE.jar:4.3.12.RELEASE]
	at org.springframework.beans.factory.support.AbstractAutowireCapableBeanFactory.instantiateUsingFactoryMethod(AbstractAutowireCapableBeanFactory.java:1173) ~[spring-beans-4.3.12.RELEASE.jar:4.3.12.RELEASE]
	at org.springframework.beans.factory.support.AbstractAutowireCapableBeanFactory.createBeanInstance(AbstractAutowireCapableBeanFactory.java:1067) ~[spring-beans-4.3.12.RELEASE.jar:4.3.12.RELEASE]
	at org.springframework.beans.factory.support.AbstractAutowireCapableBeanFactory.doCreateBean(AbstractAutowireCapableBeanFactory.java:513) ~[spring-beans-4.3.12.RELEASE.jar:4.3.12.RELEASE]
	at org.springframework.beans.factory.support.AbstractAutowireCapableBeanFactory.createBean(AbstractAutowireCapableBeanFactory.java:483) ~[spring-beans-4.3.12.RELEASE.jar:4.3.12.RELEASE]
	at org.springframework.beans.factory.support.AbstractBeanFactory$1.getObject(AbstractBeanFactory.java:306) ~[spring-beans-4.3.12.RELEASE.jar:4.3.12.RELEASE]
	at org.springframework.beans.factory.support.DefaultSingletonBeanRegistry.getSingleton(DefaultSingletonBeanRegistry.java:230) ~[spring-beans-4.3.12.RELEASE.jar:4.3.12.RELEASE]
	at org.springframework.beans.factory.support.AbstractBeanFactory.doGetBean(AbstractBeanFactory.java:302) ~[spring-beans-4.3.12.RELEASE.jar:4.3.12.RELEASE]
	at org.springframework.beans.factory.support.AbstractBeanFactory.getBean(AbstractBeanFactory.java:197) ~[spring-beans-4.3.12.RELEASE.jar:4.3.12.RELEASE]
	at org.springframework.context.support.AbstractApplicationContext.getBean(AbstractApplicationContext.java:1078) ~[spring-context-4.3.12.RELEASE.jar:4.3.12.RELEASE]
	at org.springframework.context.support.AbstractApplicationContext.finishBeanFactoryInitialization(AbstractApplicationContext.java:857) ~[spring-context-4.3.12.RELEASE.jar:4.3.12.RELEASE]
	at org.springframework.context.support.AbstractApplicationContext.refresh(AbstractApplicationContext.java:543) ~[spring-context-4.3.12.RELEASE.jar:4.3.12.RELEASE]
	at org.springframework.boot.SpringApplication.refresh(SpringApplication.java:693) ~[spring-boot-1.5.8.RELEASE.jar:1.5.8.RELEASE]
	at org.springframework.boot.SpringApplication.refreshContext(SpringApplication.java:360) ~[spring-boot-1.5.8.RELEASE.jar:1.5.8.RELEASE]
	at org.springframework.boot.SpringApplication.run(SpringApplication.java:303) ~[spring-boot-1.5.8.RELEASE.jar:1.5.8.RELEASE]
	at org.springframework.boot.test.context.SpringBootContextLoader.loadContext(SpringBootContextLoader.java:120) ~[spring-boot-test-1.5.8.RELEASE.jar:1.5.8.RELEASE]
	at org.springframework.test.context.cache.DefaultCacheAwareContextLoaderDelegate.loadContextInternal(DefaultCacheAwareContextLoaderDelegate.java:98) ~[spring-test-4.3.12.RELEASE.jar:4.3.12.RELEASE]
	at org.springframework.test.context.cache.DefaultCacheAwareContextLoaderDelegate.loadContext(DefaultCacheAwareContextLoaderDelegate.java:116) ~[spring-test-4.3.12.RELEASE.jar:4.3.12.RELEASE]
	... 26 common frames omitted
Caused by: org.springframework.beans.factory.BeanCreationException: Error creating bean with name 'dataSource' defined in class path resource [org/springframework/boot/autoconfigure/jdbc/DataSourceConfiguration$Tomcat.class]: Bean instantiation via factory method failed; nested exception is org.springframework.beans.BeanInstantiationException: Failed to instantiate [org.apache.tomcat.jdbc.pool.DataSource]: Factory method 'dataSource' threw exception; nested exception is org.springframework.boot.autoconfigure.jdbc.DataSourceProperties$DataSourceBeanCreationException: Cannot determine embedded database driver class for database type NONE. If you want an embedded database please put a supported one on the classpath. If you have database settings to be loaded from a particular profile you may need to active it (no profiles are currently active).
	at org.springframework.beans.factory.support.ConstructorResolver.instantiateUsingFactoryMethod(ConstructorResolver.java:599) ~[spring-beans-4.3.12.RELEASE.jar:4.3.12.RELEASE]
	at org.springframework.beans.factory.support.AbstractAutowireCapableBeanFactory.instantiateUsingFactoryMethod(AbstractAutowireCapableBeanFactory.java:1173) ~[spring-beans-4.3.12.RELEASE.jar:4.3.12.RELEASE]
	at org.springframework.beans.factory.support.AbstractAutowireCapableBeanFactory.createBeanInstance(AbstractAutowireCapableBeanFactory.java:1067) ~[spring-beans-4.3.12.RELEASE.jar:4.3.12.RELEASE]
	at org.springframework.beans.factory.support.AbstractAutowireCapableBeanFactory.doCreateBean(AbstractAutowireCapableBeanFactory.java:513) ~[spring-beans-4.3.12.RELEASE.jar:4.3.12.RELEASE]
	at org.springframework.beans.factory.support.AbstractAutowireCapableBeanFactory.createBean(AbstractAutowireCapableBeanFactory.java:483) ~[spring-beans-4.3.12.RELEASE.jar:4.3.12.RELEASE]
	at org.springframework.beans.factory.support.AbstractBeanFactory$1.getObject(AbstractBeanFactory.java:306) ~[spring-beans-4.3.12.RELEASE.jar:4.3.12.RELEASE]
	at org.springframework.beans.factory.support.DefaultSingletonBeanRegistry.getSingleton(DefaultSingletonBeanRegistry.java:230) ~[spring-beans-4.3.12.RELEASE.jar:4.3.12.RELEASE]
	at org.springframework.beans.factory.support.AbstractBeanFactory.doGetBean(AbstractBeanFactory.java:302) ~[spring-beans-4.3.12.RELEASE.jar:4.3.12.RELEASE]
	at org.springframework.beans.factory.support.AbstractBeanFactory.getBean(AbstractBeanFactory.java:202) ~[spring-beans-4.3.12.RELEASE.jar:4.3.12.RELEASE]
	at org.springframework.beans.factory.config.DependencyDescriptor.resolveCandidate(DependencyDescriptor.java:208) ~[spring-beans-4.3.12.RELEASE.jar:4.3.12.RELEASE]
	at org.springframework.beans.factory.support.DefaultListableBeanFactory.doResolveDependency(DefaultListableBeanFactory.java:1138) ~[spring-beans-4.3.12.RELEASE.jar:4.3.12.RELEASE]
	at org.springframework.beans.factory.support.DefaultListableBeanFactory.resolveDependency(DefaultListableBeanFactory.java:1066) ~[spring-beans-4.3.12.RELEASE.jar:4.3.12.RELEASE]
	at org.springframework.beans.factory.support.ConstructorResolver.resolveAutowiredArgument(ConstructorResolver.java:835) ~[spring-beans-4.3.12.RELEASE.jar:4.3.12.RELEASE]
	at org.springframework.beans.factory.support.ConstructorResolver.createArgumentArray(ConstructorResolver.java:741) ~[spring-beans-4.3.12.RELEASE.jar:4.3.12.RELEASE]
	... 53 common frames omitted
Caused by: org.springframework.beans.BeanInstantiationException: Failed to instantiate [org.apache.tomcat.jdbc.pool.DataSource]: Factory method 'dataSource' threw exception; nested exception is org.springframework.boot.autoconfigure.jdbc.DataSourceProperties$DataSourceBeanCreationException: Cannot determine embedded database driver class for database type NONE. If you want an embedded database please put a supported one on the classpath. If you have database settings to be loaded from a particular profile you may need to active it (no profiles are currently active).
	at org.springframework.beans.factory.support.SimpleInstantiationStrategy.instantiate(SimpleInstantiationStrategy.java:189) ~[spring-beans-4.3.12.RELEASE.jar:4.3.12.RELEASE]
	at org.springframework.beans.factory.support.ConstructorResolver.instantiateUsingFactoryMethod(ConstructorResolver.java:588) ~[spring-beans-4.3.12.RELEASE.jar:4.3.12.RELEASE]
	... 66 common frames omitted
Caused by: org.springframework.boot.autoconfigure.jdbc.DataSourceProperties$DataSourceBeanCreationException: Cannot determine embedded database driver class for database type NONE. If you want an embedded database please put a supported one on the classpath. If you have database settings to be loaded from a particular profile you may need to active it (no profiles are currently active).
	at org.springframework.boot.autoconfigure.jdbc.DataSourceProperties.determineDriverClassName(DataSourceProperties.java:247) ~[spring-boot-autoconfigure-1.5.8.RELEASE.jar:1.5.8.RELEASE]
	at org.springframework.boot.autoconfigure.jdbc.DataSourceProperties.initializeDataSourceBuilder(DataSourceProperties.java:184) ~[spring-boot-autoconfigure-1.5.8.RELEASE.jar:1.5.8.RELEASE]
	at org.springframework.boot.autoconfigure.jdbc.DataSourceConfiguration.createDataSource(DataSourceConfiguration.java:42) ~[spring-boot-autoconfigure-1.5.8.RELEASE.jar:1.5.8.RELEASE]
	at org.springframework.boot.autoconfigure.jdbc.DataSourceConfiguration$Tomcat.dataSource(DataSourceConfiguration.java:56) ~[spring-boot-autoconfigure-1.5.8.RELEASE.jar:1.5.8.RELEASE]
	at sun.reflect.NativeMethodAccessorImpl.invoke0(Native Method) ~[na:1.8.0_152]
	at sun.reflect.NativeMethodAccessorImpl.invoke(NativeMethodAccessorImpl.java:62) ~[na:1.8.0_152]
	at sun.reflect.DelegatingMethodAccessorImpl.invoke(DelegatingMethodAccessorImpl.java:43) ~[na:1.8.0_152]
	at java.lang.reflect.Method.invoke(Method.java:498) ~[na:1.8.0_152]
	at org.springframework.beans.factory.support.SimpleInstantiationStrategy.instantiate(SimpleInstantiationStrategy.java:162) ~[spring-beans-4.3.12.RELEASE.jar:4.3.12.RELEASE]
	... 67 common frames omitted

]]></system-out>
  </testcase>
</testsuite>